Removed Pin From Net: NetName=5V_PASS Pin=J1_U_HDMI_IN5-18
Removed Pin From Net: NetName=5V_PASS Pin=J3_U_HDMI_OUT5-18
Removed Pin From Net: NetName=GND Pin=R1_U_HDMI_SWITCH5-2
Removed Pin From Net: NetName=5V Pin=R2_U_HDMI_SWITCH5-1
Removed Pin From Net: NetName=GND Pin=R3_U_HDMI_SWITCH5-1
Removed Pin From Net: NetName=NetR3_U_HDMI_SWITCH1_2 Pin=R3_U_HDMI_SWITCH5-2
Removed Pin From Net: NetName=GND Pin=U1_U_HDMI_SWITCH5-3
Removed Pin From Net: NetName=3V3 Pin=U1_U_HDMI_SWITCH5-6
Removed Pin From Net: NetName=GND Pin=U1_U_HDMI_SWITCH5-9
Removed Pin From Net: NetName=3V3 Pin=U1_U_HDMI_SWITCH5-12
Removed Pin From Net: NetName=GND Pin=U1_U_HDMI_SWITCH5-15
Removed Pin From Net: NetName=3V3 Pin=U1_U_HDMI_SWITCH5-19
Removed Pin From Net: NetName=GND Pin=U1_U_HDMI_SWITCH5-22
Removed Pin From Net: NetName=3V3 Pin=U1_U_HDMI_SWITCH5-25
Removed Pin From Net: NetName=GND Pin=U1_U_HDMI_SWITCH5-28
Removed Pin From Net: NetName=NetR3_U_HDMI_SWITCH1_2 Pin=U1_U_HDMI_SWITCH5-33
Removed Pin From Net: NetName=3V3 Pin=U1_U_HDMI_SWITCH5-40
Removed Pin From Net: NetName=GND Pin=U1_U_HDMI_SWITCH5-43
Removed Pin From Net: NetName=3V3 Pin=U1_U_HDMI_SWITCH5-46
Removed Pin From Net: NetName=3V3 Pin=U1_U_HDMI_SWITCH5-55
Removed Pin From Net: NetName=GND Pin=U1_U_HDMI_SWITCH5-58
Removed Pin From Net: NetName=3V3 Pin=U1_U_HDMI_SWITCH5-61
Remove Class Member: Failed to remove class member
Removed Member From Class: ClassName=HDMI_IN Member=U_HDMI_IN5
Removed Member From Class: ClassName=HDMI_OUT Member=U_HDMI_OUT5
Removed Member From Class: ClassName=HDMI_SWITCH Member=U_HDMI_SWITCH5
Added Pin To Net: NetName=GND Pin=J1_U_HDMI_IN1-17
Added Pin To Net: NetName=GND Pin=J1_U_HDMI_IN2-17
Added Pin To Net: NetName=GND Pin=J1_U_HDMI_IN3-17
Added Pin To Net: NetName=GND Pin=J1_U_HDMI_IN4-17
Added Pin To Net: NetName=GND Pin=J2_U_HDMI_IN1-17
Added Pin To Net: NetName=GND Pin=J2_U_HDMI_IN2-17
Added Pin To Net: NetName=GND Pin=J2_U_HDMI_IN3-17
Added Pin To Net: NetName=GND Pin=J2_U_HDMI_IN4-17
Added Pin To Net: NetName=GND Pin=J3_U_HDMI_OUT1-17
Added Pin To Net: NetName=GND Pin=J3_U_HDMI_OUT2-17
Added Pin To Net: NetName=GND Pin=J3_U_HDMI_OUT3-17
Added Pin To Net: NetName=GND Pin=J3_U_HDMI_OUT4-17
