Added Component: Designator=C1(FP-C0603-CG-MFG)
Add component (AddParameter): Name = "Capacitance"; Value = "1uF"; VariantName = "[No Variations]"
Add component (AddParameter): Name = "Case Code (Imperial)"; Value = "0603"; VariantName = "[No Variations]"
Add component (AddParameter): Name = "Case Code (Metric)"; Value = "1608"; VariantName = "[No Variations]"
Add component (AddParameter): Name = "Case/Package"; Value = "0603"; VariantName = "[No Variations]"
Add component (AddParameter): Name = "Construction"; Value = "Flat"; VariantName = "[No Variations]"
Add component (AddParameter): Name = "Depth"; Value = "0.8mm"; VariantName = "[No Variations]"
Add component (AddParameter): Name = "Dielectric"; Value = "Y5V"; VariantName = "[No Variations]"
Add component (AddParameter): Name = "Dielectric Material"; Value = "Ceramic"; VariantName = "[No Variations]"
Add component (AddParameter): Name = "Dissipation Factor"; Value = "10%"; VariantName = "[No Variations]"
Add component (AddParameter): Name = "Height"; Value = "0.8mm"; VariantName = "[No Variations]"
Add component (AddParameter): Name = "Lead Free"; Value = "Lead Free"; VariantName = "[No Variations]"
Add component (AddParameter): Name = "Lead Pitch"; Value = "0.7mm"; VariantName = "[No Variations]"
Add component (AddParameter): Name = "Length"; Value = "1.6mm"; VariantName = "[No Variations]"
Add component (AddParameter): Name = "Max Operating Temperature"; Value = "85°C"; VariantName = "[No Variations]"
Add component (AddParameter): Name = "Min Operating Temperature"; Value = "-30°C"; VariantName = "[No Variations]"
Add component (AddParameter): Name = "Mount"; Value = "Surface Mount"; VariantName = "[No Variations]"
Add component (AddParameter): Name = "Package Quantity"; Value = "1"; VariantName = "[No Variations]"
Add component (AddParameter): Name = "Packaging"; Value = "Tape and Reel"; VariantName = "[No Variations]"
Add component (AddParameter): Name = "Radiation Hardening"; Value = "No"; VariantName = "[No Variations]"
Add component (AddParameter): Name = "REACH SVHC"; Value = "No SVHC"; VariantName = "[No Variations]"
Add component (AddParameter): Name = "RoHS Compliant"; Value = "Yes"; VariantName = "[No Variations]"
Add component (AddParameter): Name = "Series"; Value = "C"; VariantName = "[No Variations]"
Add component (AddParameter): Name = "Termination"; Value = "SMD/SMT"; VariantName = "[No Variations]"
Add component (AddParameter): Name = "Thickness"; Value = "0.035inch"; VariantName = "[No Variations]"
Add component (AddParameter): Name = "Tolerance"; Value = "80%"; VariantName = "[No Variations]"
Add component (AddParameter): Name = "Voltage Rating"; Value = "10V"; VariantName = "[No Variations]"
Add component (AddParameter): Name = "Voltage Rating (DC)"; Value = "10V"; VariantName = "[No Variations]"
Add component (AddParameter): Name = "Width"; Value = "0.8mm"; VariantName = "[No Variations]"
Added Component: Designator=J1_U_HDMI_IN1(SAMTEC_HDMR-19-02-S-SM)
Added Component: Designator=J1_U_HDMI_IN2(SAMTEC_HDMR-19-02-S-SM)
Added Component: Designator=J1_U_HDMI_IN3(SAMTEC_HDMR-19-02-S-SM)
Added Component: Designator=J1_U_HDMI_IN4(SAMTEC_HDMR-19-02-S-SM)
Added Component: Designator=J1_U_HDMI_IN5(SAMTEC_HDMR-19-02-S-SM)
Added Component: Designator=J2_U_HDMI_IN1(SAMTEC_HDMR-19-02-S-SM)
Added Component: Designator=J2_U_HDMI_IN2(SAMTEC_HDMR-19-02-S-SM)
Added Component: Designator=J2_U_HDMI_IN3(SAMTEC_HDMR-19-02-S-SM)
Added Component: Designator=J2_U_HDMI_IN4(SAMTEC_HDMR-19-02-S-SM)
Added Component: Designator=J2_U_HDMI_IN5(SAMTEC_HDMR-19-02-S-SM)
Added Component: Designator=J3_U_HDMI_OUT1(SAMTEC_HDMR-19-02-S-SM)
Added Component: Designator=J3_U_HDMI_OUT2(SAMTEC_HDMR-19-02-S-SM)
Added Component: Designator=J3_U_HDMI_OUT3(SAMTEC_HDMR-19-02-S-SM)
Added Component: Designator=J3_U_HDMI_OUT4(SAMTEC_HDMR-19-02-S-SM)
Added Component: Designator=J3_U_HDMI_OUT5(SAMTEC_HDMR-19-02-S-SM)
Add Component: Footprint Not Found MOLEX_48406-0003
Add Component: Footprint Not Found MOLEX_48406-0003
Add Component: Footprint Not Found FCI_10118193-0001LF
Add Component: Footprint Not Found MOLEX_48406-0003
Add Component: Footprint Not Found MOLEX_48406-0003
Add Component: Footprint Not Found MOLEX_48406-0003
Add Component: Footprint Not Found MOLEX_48406-0003
Added Component: Designator=R6(FP-RK73H1J-IPC_C)
Add component (AddParameter): Name = "Case Code (Imperial)"; Value = "0603"; VariantName = "[No Variations]"
Add component (AddParameter): Name = "Case Code (Metric)"; Value = "1608"; VariantName = "[No Variations]"
Add component (AddParameter): Name = "Case/Package"; Value = "0603"; VariantName = "[No Variations]"
Add component (AddParameter): Name = "Height"; Value = "0.45mm"; VariantName = "[No Variations]"
Add component (AddParameter): Name = "Lead Free"; Value = "Contains Lead"; VariantName = "[No Variations]"
Add component (AddParameter): Name = "Length"; Value = "1.6mm"; VariantName = "[No Variations]"
Add component (AddParameter): Name = "Max Operating Temperature"; Value = "155°C"; VariantName = "[No Variations]"
Add component (AddParameter): Name = "Min Operating Temperature"; Value = "-55°C"; VariantName = "[No Variations]"
Add component (AddParameter): Name = "Package Quantity"; Value = "5000"; VariantName = "[No Variations]"
Add component (AddParameter): Name = "Packaging"; Value = "Tape and Reel"; VariantName = "[No Variations]"
Add component (AddParameter): Name = "Power Rating"; Value = "100mW"; VariantName = "[No Variations]"
Add component (AddParameter): Name = "Resistance"; Value = "100K"; VariantName = "[No Variations]"
Add component (AddParameter): Name = "Series"; Value = "RK73H"; VariantName = "[No Variations]"
Add component (AddParameter): Name = "Temperature Coefficient"; Value = "100ppm/°C"; VariantName = "[No Variations]"
Add component (AddParameter): Name = "Termination"; Value = "SMD/SMT"; VariantName = "[No Variations]"
Add component (AddParameter): Name = "Tolerance"; Value = "1%"; VariantName = "[No Variations]"
Add component (AddParameter): Name = "Voltage Rating"; Value = "50V"; VariantName = "[No Variations]"
Add component (AddParameter): Name = "Width"; Value = "0.8mm"; VariantName = "[No Variations]"
Added Component: Designator=R7(FP-MC01W0805-IPC_C)
Add component (AddParameter): Name = "Case Code (Imperial)"; Value = "0805"; VariantName = "[No Variations]"
Add component (AddParameter): Name = "Case Code (Metric)"; Value = "2012"; VariantName = "[No Variations]"
Add component (AddParameter): Name = "Case/Package"; Value = "0805"; VariantName = "[No Variations]"
Add component (AddParameter): Name = "Composition"; Value = "Thick Film"; VariantName = "[No Variations]"
Add component (AddParameter): Name = "Max Operating Temperature"; Value = "155°C"; VariantName = "[No Variations]"
Add component (AddParameter): Name = "Min Operating Temperature"; Value = "-55°C"; VariantName = "[No Variations]"
Add component (AddParameter): Name = "Number of Pins"; Value = "2"; VariantName = "[No Variations]"
Add component (AddParameter): Name = "Packaging"; Value = "Cut Tape"; VariantName = "[No Variations]"
Add component (AddParameter): Name = "Power Rating"; Value = "100mW"; VariantName = "[No Variations]"
Add component (AddParameter): Name = "REACH SVHC"; Value = "No SVHC"; VariantName = "[No Variations]"
Add component (AddParameter): Name = "Resistance"; Value = "10K"; VariantName = "[No Variations]"
Add component (AddParameter): Name = "Temperature Coefficient"; Value = "100ppm/°C"; VariantName = "[No Variations]"
Add component (AddParameter): Name = "Tolerance"; Value = "1%"; VariantName = "[No Variations]"
Add component (AddParameter): Name = "Voltage Rating"; Value = "150V"; VariantName = "[No Variations]"
Add component (AddParameter): Name = "Voltage Rating (DC)"; Value = "150V"; VariantName = "[No Variations]"
Add component (AddParameter): Name = "Width"; Value = "1.25mm"; VariantName = "[No Variations]"
Added Component: Designator=R8(FP-MC01W0805-IPC_C)
Add component (AddParameter): Name = "Case Code (Imperial)"; Value = "0805"; VariantName = "[No Variations]"
Add component (AddParameter): Name = "Case Code (Metric)"; Value = "2012"; VariantName = "[No Variations]"
Add component (AddParameter): Name = "Case/Package"; Value = "0805"; VariantName = "[No Variations]"
Add component (AddParameter): Name = "Composition"; Value = "Thick Film"; VariantName = "[No Variations]"
Add component (AddParameter): Name = "Max Operating Temperature"; Value = "155°C"; VariantName = "[No Variations]"
Add component (AddParameter): Name = "Min Operating Temperature"; Value = "-55°C"; VariantName = "[No Variations]"
Add component (AddParameter): Name = "Number of Pins"; Value = "2"; VariantName = "[No Variations]"
Add component (AddParameter): Name = "Packaging"; Value = "Cut Tape"; VariantName = "[No Variations]"
Add component (AddParameter): Name = "Power Rating"; Value = "100mW"; VariantName = "[No Variations]"
Add component (AddParameter): Name = "REACH SVHC"; Value = "No SVHC"; VariantName = "[No Variations]"
Add component (AddParameter): Name = "Resistance"; Value = "10K"; VariantName = "[No Variations]"
Add component (AddParameter): Name = "Temperature Coefficient"; Value = "100ppm/°C"; VariantName = "[No Variations]"
Add component (AddParameter): Name = "Tolerance"; Value = "1%"; VariantName = "[No Variations]"
Add component (AddParameter): Name = "Voltage Rating"; Value = "150V"; VariantName = "[No Variations]"
Add component (AddParameter): Name = "Voltage Rating (DC)"; Value = "150V"; VariantName = "[No Variations]"
Add component (AddParameter): Name = "Width"; Value = "1.25mm"; VariantName = "[No Variations]"
Add Component: Footprint Not Found SW_FSM8JH
Added Component: Designator=U1_U_HDMI_SWITCH1(PAG0064A_N)
Added Component: Designator=U1_U_HDMI_SWITCH2(PAG0064A_N)
Added Component: Designator=U1_U_HDMI_SWITCH3(PAG0064A_N)
Added Component: Designator=U1_U_HDMI_SWITCH4(PAG0064A_N)
Added Component: Designator=U1_U_HDMI_SWITCH5(PAG0064A_N)
Added Component: Designator=U3_U_USB_SWITCH_A1(QFN50P900X350X80-43N)
Added Component: Designator=U3_U_USB_SWITCH_A2(QFN50P900X350X80-43N)
Added Component: Designator=U4_U_USB_SWITCH_B1(QFN50P900X350X80-43N)
Added Component: Designator=U4_U_USB_SWITCH_B2(QFN50P900X350X80-43N)
Added Component: Designator=U5(FP-SOT23-MFG)
Added Component: Designator=U6(FP-D0008A-IPC_A)
Add component (AddParameter): Name = "Case/Package"; Value = "SOIC"; VariantName = "[No Variations]"
Add component (AddParameter): Name = "Contact Plating"; Value = "Gold"; VariantName = "[No Variations]"
Add component (AddParameter): Name = "Frequency"; Value = "100kHz"; VariantName = "[No Variations]"
Add component (AddParameter): Name = "Height"; Value = "1.58mm"; VariantName = "[No Variations]"
Add component (AddParameter): Name = "High Level Output Current"; Value = "-200mA"; VariantName = "[No Variations]"
Add component (AddParameter): Name = "Lead Free"; Value = "Lead Free"; VariantName = "[No Variations]"
Add component (AddParameter): Name = "Length"; Value = "4.9mm"; VariantName = "[No Variations]"
Add component (AddParameter): Name = "Low Level Output Current"; Value = "200mA"; VariantName = "[No Variations]"
Add component (AddParameter): Name = "Max Operating Temperature"; Value = "70°C"; VariantName = "[No Variations]"
Add component (AddParameter): Name = "Max Supply Voltage"; Value = "16V"; VariantName = "[No Variations]"
Add component (AddParameter): Name = "Min Operating Temperature"; Value = "0°C"; VariantName = "[No Variations]"
Add component (AddParameter): Name = "Min Supply Voltage"; Value = "4.5V"; VariantName = "[No Variations]"
Add component (AddParameter): Name = "Mount"; Value = "Surface Mount"; VariantName = "[No Variations]"
Add component (AddParameter): Name = "Number of Pins"; Value = "8"; VariantName = "[No Variations]"
Add component (AddParameter): Name = "Number of Timers/Counters"; Value = "1"; VariantName = "[No Variations]"
Add component (AddParameter): Name = "Operating Supply Current"; Value = "10mA"; VariantName = "[No Variations]"
Add component (AddParameter): Name = "Package Quantity"; Value = "2500"; VariantName = "[No Variations]"
Add component (AddParameter): Name = "Packaging"; Value = "Tape and Reel"; VariantName = "[No Variations]"
Add component (AddParameter): Name = "Quiescent Current"; Value = "15mA"; VariantName = "[No Variations]"
Add component (AddParameter): Name = "Radiation Hardening"; Value = "No"; VariantName = "[No Variations]"
Add component (AddParameter): Name = "REACH SVHC"; Value = "No SVHC"; VariantName = "[No Variations]"
Add component (AddParameter): Name = "Weight"; Value = "0.002561oz"; VariantName = "[No Variations]"
Add component (AddParameter): Name = "Width"; Value = "3.91mm"; VariantName = "[No Variations]"
Added Pin To Net: NetName=3V3 Pin=U1_U_HDMI_SWITCH1-6
Added Pin To Net: NetName=3V3 Pin=U1_U_HDMI_SWITCH1-12
Added Pin To Net: NetName=3V3 Pin=U1_U_HDMI_SWITCH1-19
Added Pin To Net: NetName=3V3 Pin=U1_U_HDMI_SWITCH1-25
Added Pin To Net: NetName=3V3 Pin=U1_U_HDMI_SWITCH1-40
Added Pin To Net: NetName=3V3 Pin=U1_U_HDMI_SWITCH1-46
Added Pin To Net: NetName=3V3 Pin=U1_U_HDMI_SWITCH1-55
Added Pin To Net: NetName=3V3 Pin=U1_U_HDMI_SWITCH1-61
Added Pin To Net: NetName=3V3 Pin=U1_U_HDMI_SWITCH2-6
Added Pin To Net: NetName=3V3 Pin=U1_U_HDMI_SWITCH2-12
Added Pin To Net: NetName=3V3 Pin=U1_U_HDMI_SWITCH2-19
Added Pin To Net: NetName=3V3 Pin=U1_U_HDMI_SWITCH2-25
Added Pin To Net: NetName=3V3 Pin=U1_U_HDMI_SWITCH2-40
Added Pin To Net: NetName=3V3 Pin=U1_U_HDMI_SWITCH2-46
Added Pin To Net: NetName=3V3 Pin=U1_U_HDMI_SWITCH2-55
Added Pin To Net: NetName=3V3 Pin=U1_U_HDMI_SWITCH2-61
Added Pin To Net: NetName=3V3 Pin=U1_U_HDMI_SWITCH3-6
Added Pin To Net: NetName=3V3 Pin=U1_U_HDMI_SWITCH3-12
Added Pin To Net: NetName=3V3 Pin=U1_U_HDMI_SWITCH3-19
Added Pin To Net: NetName=3V3 Pin=U1_U_HDMI_SWITCH3-25
Added Pin To Net: NetName=3V3 Pin=U1_U_HDMI_SWITCH3-40
Added Pin To Net: NetName=3V3 Pin=U1_U_HDMI_SWITCH3-46
Added Pin To Net: NetName=3V3 Pin=U1_U_HDMI_SWITCH3-55
Added Pin To Net: NetName=3V3 Pin=U1_U_HDMI_SWITCH3-61
Added Pin To Net: NetName=3V3 Pin=U1_U_HDMI_SWITCH4-6
Added Pin To Net: NetName=3V3 Pin=U1_U_HDMI_SWITCH4-12
Added Pin To Net: NetName=3V3 Pin=U1_U_HDMI_SWITCH4-19
Added Pin To Net: NetName=3V3 Pin=U1_U_HDMI_SWITCH4-25
Added Pin To Net: NetName=3V3 Pin=U1_U_HDMI_SWITCH4-40
Added Pin To Net: NetName=3V3 Pin=U1_U_HDMI_SWITCH4-46
Added Pin To Net: NetName=3V3 Pin=U1_U_HDMI_SWITCH4-55
Added Pin To Net: NetName=3V3 Pin=U1_U_HDMI_SWITCH4-61
Added Pin To Net: NetName=3V3 Pin=U1_U_HDMI_SWITCH5-6
Added Pin To Net: NetName=3V3 Pin=U1_U_HDMI_SWITCH5-12
Added Pin To Net: NetName=3V3 Pin=U1_U_HDMI_SWITCH5-19
Added Pin To Net: NetName=3V3 Pin=U1_U_HDMI_SWITCH5-25
Added Pin To Net: NetName=3V3 Pin=U1_U_HDMI_SWITCH5-40
Added Pin To Net: NetName=3V3 Pin=U1_U_HDMI_SWITCH5-46
Added Pin To Net: NetName=3V3 Pin=U1_U_HDMI_SWITCH5-55
Added Pin To Net: NetName=3V3 Pin=U1_U_HDMI_SWITCH5-61
Added Pin To Net: NetName=3V3 Pin=U3_U_USB_SWITCH_A1-13
Added Pin To Net: NetName=3V3 Pin=U3_U_USB_SWITCH_A1-20
Added Pin To Net: NetName=3V3 Pin=U3_U_USB_SWITCH_A1-30
Added Pin To Net: NetName=3V3 Pin=U3_U_USB_SWITCH_A2-13
Added Pin To Net: NetName=3V3 Pin=U3_U_USB_SWITCH_A2-20
Added Pin To Net: NetName=3V3 Pin=U3_U_USB_SWITCH_A2-30
Added Pin To Net: NetName=3V3 Pin=U4_U_USB_SWITCH_B1-13
Added Pin To Net: NetName=3V3 Pin=U4_U_USB_SWITCH_B1-20
Added Pin To Net: NetName=3V3 Pin=U4_U_USB_SWITCH_B1-30
Added Pin To Net: NetName=3V3 Pin=U4_U_USB_SWITCH_B2-13
Added Pin To Net: NetName=3V3 Pin=U4_U_USB_SWITCH_B2-20
Added Pin To Net: NetName=3V3 Pin=U4_U_USB_SWITCH_B2-30
Added Pin To Net: NetName=3V3 Pin=U5-2
Added Net: Name=3V3
Added Pin To Net: NetName=5V_PASS Pin=J1_U_HDMI_IN1-18
Added Pin To Net: NetName=5V_PASS Pin=J1_U_HDMI_IN2-18
Added Pin To Net: NetName=5V_PASS Pin=J1_U_HDMI_IN3-18
Added Pin To Net: NetName=5V_PASS Pin=J1_U_HDMI_IN4-18
Added Pin To Net: NetName=5V_PASS Pin=J1_U_HDMI_IN5-18
Added Pin To Net: NetName=5V_PASS Pin=J3_U_HDMI_OUT1-18
Added Pin To Net: NetName=5V_PASS Pin=J3_U_HDMI_OUT2-18
Added Pin To Net: NetName=5V_PASS Pin=J3_U_HDMI_OUT3-18
Added Pin To Net: NetName=5V_PASS Pin=J3_U_HDMI_OUT4-18
Added Pin To Net: NetName=5V_PASS Pin=J3_U_HDMI_OUT5-18
Added Net: Name=5V_PASS
Added Pin To Net: NetName=5V Pin=R7-2
Added Pin To Net: NetName=5V Pin=U5-3
Added Pin To Net: NetName=5V Pin=U6-4
Added Pin To Net: NetName=5V Pin=U6-8
Added Net: Name=5V
Added Pin To Net: NetName=GND Pin=C1-2
Added Pin To Net: NetName=GND Pin=J1_U_HDMI_IN1-17
Added Pin To Net: NetName=GND Pin=J1_U_HDMI_IN2-17
Added Pin To Net: NetName=GND Pin=J1_U_HDMI_IN3-17
Added Pin To Net: NetName=GND Pin=J1_U_HDMI_IN4-17
Added Pin To Net: NetName=GND Pin=J1_U_HDMI_IN5-17
Added Pin To Net: NetName=GND Pin=J2_U_HDMI_IN1-17
Added Pin To Net: NetName=GND Pin=J2_U_HDMI_IN2-17
Added Pin To Net: NetName=GND Pin=J2_U_HDMI_IN3-17
Added Pin To Net: NetName=GND Pin=J2_U_HDMI_IN4-17
Added Pin To Net: NetName=GND Pin=J2_U_HDMI_IN5-17
Added Pin To Net: NetName=GND Pin=J3_U_HDMI_OUT1-17
Added Pin To Net: NetName=GND Pin=J3_U_HDMI_OUT2-17
Added Pin To Net: NetName=GND Pin=J3_U_HDMI_OUT3-17
Added Pin To Net: NetName=GND Pin=J3_U_HDMI_OUT4-17
Added Pin To Net: NetName=GND Pin=J3_U_HDMI_OUT5-17
Added Pin To Net: NetName=GND Pin=R8-2
Added Pin To Net: NetName=GND Pin=U1_U_HDMI_SWITCH1-3
Added Pin To Net: NetName=GND Pin=U1_U_HDMI_SWITCH1-9
Added Pin To Net: NetName=GND Pin=U1_U_HDMI_SWITCH1-15
Added Pin To Net: NetName=GND Pin=U1_U_HDMI_SWITCH1-22
Added Pin To Net: NetName=GND Pin=U1_U_HDMI_SWITCH1-28
Added Pin To Net: NetName=GND Pin=U1_U_HDMI_SWITCH1-43
Added Pin To Net: NetName=GND Pin=U1_U_HDMI_SWITCH1-58
Added Pin To Net: NetName=GND Pin=U1_U_HDMI_SWITCH2-3
Added Pin To Net: NetName=GND Pin=U1_U_HDMI_SWITCH2-9
Added Pin To Net: NetName=GND Pin=U1_U_HDMI_SWITCH2-15
Added Pin To Net: NetName=GND Pin=U1_U_HDMI_SWITCH2-22
Added Pin To Net: NetName=GND Pin=U1_U_HDMI_SWITCH2-28
Added Pin To Net: NetName=GND Pin=U1_U_HDMI_SWITCH2-43
Added Pin To Net: NetName=GND Pin=U1_U_HDMI_SWITCH2-58
Added Pin To Net: NetName=GND Pin=U1_U_HDMI_SWITCH3-3
Added Pin To Net: NetName=GND Pin=U1_U_HDMI_SWITCH3-9
Added Pin To Net: NetName=GND Pin=U1_U_HDMI_SWITCH3-15
Added Pin To Net: NetName=GND Pin=U1_U_HDMI_SWITCH3-22
Added Pin To Net: NetName=GND Pin=U1_U_HDMI_SWITCH3-28
Added Pin To Net: NetName=GND Pin=U1_U_HDMI_SWITCH3-43
Added Pin To Net: NetName=GND Pin=U1_U_HDMI_SWITCH3-58
Added Pin To Net: NetName=GND Pin=U1_U_HDMI_SWITCH4-3
Added Pin To Net: NetName=GND Pin=U1_U_HDMI_SWITCH4-9
Added Pin To Net: NetName=GND Pin=U1_U_HDMI_SWITCH4-15
Added Pin To Net: NetName=GND Pin=U1_U_HDMI_SWITCH4-22
Added Pin To Net: NetName=GND Pin=U1_U_HDMI_SWITCH4-28
Added Pin To Net: NetName=GND Pin=U1_U_HDMI_SWITCH4-43
Added Pin To Net: NetName=GND Pin=U1_U_HDMI_SWITCH4-58
Added Pin To Net: NetName=GND Pin=U1_U_HDMI_SWITCH5-3
Added Pin To Net: NetName=GND Pin=U1_U_HDMI_SWITCH5-9
Added Pin To Net: NetName=GND Pin=U1_U_HDMI_SWITCH5-15
Added Pin To Net: NetName=GND Pin=U1_U_HDMI_SWITCH5-22
Added Pin To Net: NetName=GND Pin=U1_U_HDMI_SWITCH5-28
Added Pin To Net: NetName=GND Pin=U1_U_HDMI_SWITCH5-43
Added Pin To Net: NetName=GND Pin=U1_U_HDMI_SWITCH5-58
Added Pin To Net: NetName=GND Pin=U3_U_USB_SWITCH_A1-10
Added Pin To Net: NetName=GND Pin=U3_U_USB_SWITCH_A1-14
Added Pin To Net: NetName=GND Pin=U3_U_USB_SWITCH_A1-17
Added Pin To Net: NetName=GND Pin=U3_U_USB_SWITCH_A1-19
Added Pin To Net: NetName=GND Pin=U3_U_USB_SWITCH_A1-21
Added Pin To Net: NetName=GND Pin=U3_U_USB_SWITCH_A2-10
Added Pin To Net: NetName=GND Pin=U3_U_USB_SWITCH_A2-14
Added Pin To Net: NetName=GND Pin=U3_U_USB_SWITCH_A2-17
Added Pin To Net: NetName=GND Pin=U3_U_USB_SWITCH_A2-19
Added Pin To Net: NetName=GND Pin=U3_U_USB_SWITCH_A2-21
Added Pin To Net: NetName=GND Pin=U4_U_USB_SWITCH_B1-10
Added Pin To Net: NetName=GND Pin=U4_U_USB_SWITCH_B1-14
Added Pin To Net: NetName=GND Pin=U4_U_USB_SWITCH_B1-17
Added Pin To Net: NetName=GND Pin=U4_U_USB_SWITCH_B1-19
Added Pin To Net: NetName=GND Pin=U4_U_USB_SWITCH_B1-21
Added Pin To Net: NetName=GND Pin=U4_U_USB_SWITCH_B2-10
Added Pin To Net: NetName=GND Pin=U4_U_USB_SWITCH_B2-14
Added Pin To Net: NetName=GND Pin=U4_U_USB_SWITCH_B2-17
Added Pin To Net: NetName=GND Pin=U4_U_USB_SWITCH_B2-19
Added Pin To Net: NetName=GND Pin=U4_U_USB_SWITCH_B2-21
Added Pin To Net: NetName=GND Pin=U5-1
Added Pin To Net: NetName=GND Pin=U6-1
Added Net: Name=GND
Added Pin To Net: NetName=HDMI_A.CLK_U_HDMI_SWITCH1_N Pin=J1_U_HDMI_IN1-12
Added Pin To Net: NetName=HDMI_A.CLK_U_HDMI_SWITCH1_N Pin=U1_U_HDMI_SWITCH1-38
Added Net: Name=HDMI_A.CLK_U_HDMI_SWITCH1_N
Added Pin To Net: NetName=HDMI_A.CLK_U_HDMI_SWITCH1_P Pin=J1_U_HDMI_IN1-10
Added Pin To Net: NetName=HDMI_A.CLK_U_HDMI_SWITCH1_P Pin=U1_U_HDMI_SWITCH1-39
Added Net: Name=HDMI_A.CLK_U_HDMI_SWITCH1_P
Added Pin To Net: NetName=HDMI_A.CLK_U_HDMI_SWITCH2_N Pin=J1_U_HDMI_IN2-12
Added Pin To Net: NetName=HDMI_A.CLK_U_HDMI_SWITCH2_N Pin=U1_U_HDMI_SWITCH2-38
Added Net: Name=HDMI_A.CLK_U_HDMI_SWITCH2_N
Added Pin To Net: NetName=HDMI_A.CLK_U_HDMI_SWITCH2_P Pin=J1_U_HDMI_IN2-10
Added Pin To Net: NetName=HDMI_A.CLK_U_HDMI_SWITCH2_P Pin=U1_U_HDMI_SWITCH2-39
Added Net: Name=HDMI_A.CLK_U_HDMI_SWITCH2_P
Added Pin To Net: NetName=HDMI_A.CLK_U_HDMI_SWITCH3_N Pin=J1_U_HDMI_IN3-12
Added Pin To Net: NetName=HDMI_A.CLK_U_HDMI_SWITCH3_N Pin=U1_U_HDMI_SWITCH3-38
Added Net: Name=HDMI_A.CLK_U_HDMI_SWITCH3_N
Added Pin To Net: NetName=HDMI_A.CLK_U_HDMI_SWITCH3_P Pin=J1_U_HDMI_IN3-10
Added Pin To Net: NetName=HDMI_A.CLK_U_HDMI_SWITCH3_P Pin=U1_U_HDMI_SWITCH3-39
Added Net: Name=HDMI_A.CLK_U_HDMI_SWITCH3_P
Added Pin To Net: NetName=HDMI_A.CLK_U_HDMI_SWITCH4_N Pin=J1_U_HDMI_IN4-12
Added Pin To Net: NetName=HDMI_A.CLK_U_HDMI_SWITCH4_N Pin=U1_U_HDMI_SWITCH4-38
Added Net: Name=HDMI_A.CLK_U_HDMI_SWITCH4_N
Added Pin To Net: NetName=HDMI_A.CLK_U_HDMI_SWITCH4_P Pin=J1_U_HDMI_IN4-10
Added Pin To Net: NetName=HDMI_A.CLK_U_HDMI_SWITCH4_P Pin=U1_U_HDMI_SWITCH4-39
Added Net: Name=HDMI_A.CLK_U_HDMI_SWITCH4_P
Added Pin To Net: NetName=HDMI_A.CLK_U_HDMI_SWITCH5_N Pin=J1_U_HDMI_IN5-12
Added Pin To Net: NetName=HDMI_A.CLK_U_HDMI_SWITCH5_N Pin=U1_U_HDMI_SWITCH5-38
Added Net: Name=HDMI_A.CLK_U_HDMI_SWITCH5_N
Added Pin To Net: NetName=HDMI_A.CLK_U_HDMI_SWITCH5_P Pin=J1_U_HDMI_IN5-10
Added Pin To Net: NetName=HDMI_A.CLK_U_HDMI_SWITCH5_P Pin=U1_U_HDMI_SWITCH5-39
Added Net: Name=HDMI_A.CLK_U_HDMI_SWITCH5_P
Added Pin To Net: NetName=HDMI_A.D0_U_HDMI_SWITCH1_N Pin=J1_U_HDMI_IN1-9
Added Pin To Net: NetName=HDMI_A.D0_U_HDMI_SWITCH1_N Pin=U1_U_HDMI_SWITCH1-41
Added Net: Name=HDMI_A.D0_U_HDMI_SWITCH1_N
Added Pin To Net: NetName=HDMI_A.D0_U_HDMI_SWITCH1_P Pin=J1_U_HDMI_IN1-7
Added Pin To Net: NetName=HDMI_A.D0_U_HDMI_SWITCH1_P Pin=U1_U_HDMI_SWITCH1-42
Added Net: Name=HDMI_A.D0_U_HDMI_SWITCH1_P
Added Pin To Net: NetName=HDMI_A.D0_U_HDMI_SWITCH2_N Pin=J1_U_HDMI_IN2-9
Added Pin To Net: NetName=HDMI_A.D0_U_HDMI_SWITCH2_N Pin=U1_U_HDMI_SWITCH2-41
Added Net: Name=HDMI_A.D0_U_HDMI_SWITCH2_N
Added Pin To Net: NetName=HDMI_A.D0_U_HDMI_SWITCH2_P Pin=J1_U_HDMI_IN2-7
Added Pin To Net: NetName=HDMI_A.D0_U_HDMI_SWITCH2_P Pin=U1_U_HDMI_SWITCH2-42
Added Net: Name=HDMI_A.D0_U_HDMI_SWITCH2_P
Added Pin To Net: NetName=HDMI_A.D0_U_HDMI_SWITCH3_N Pin=J1_U_HDMI_IN3-9
Added Pin To Net: NetName=HDMI_A.D0_U_HDMI_SWITCH3_N Pin=U1_U_HDMI_SWITCH3-41
Added Net: Name=HDMI_A.D0_U_HDMI_SWITCH3_N
Added Pin To Net: NetName=HDMI_A.D0_U_HDMI_SWITCH3_P Pin=J1_U_HDMI_IN3-7
Added Pin To Net: NetName=HDMI_A.D0_U_HDMI_SWITCH3_P Pin=U1_U_HDMI_SWITCH3-42
Added Net: Name=HDMI_A.D0_U_HDMI_SWITCH3_P
Added Pin To Net: NetName=HDMI_A.D0_U_HDMI_SWITCH4_N Pin=J1_U_HDMI_IN4-9
Added Pin To Net: NetName=HDMI_A.D0_U_HDMI_SWITCH4_N Pin=U1_U_HDMI_SWITCH4-41
Added Net: Name=HDMI_A.D0_U_HDMI_SWITCH4_N
Added Pin To Net: NetName=HDMI_A.D0_U_HDMI_SWITCH4_P Pin=J1_U_HDMI_IN4-7
Added Pin To Net: NetName=HDMI_A.D0_U_HDMI_SWITCH4_P Pin=U1_U_HDMI_SWITCH4-42
Added Net: Name=HDMI_A.D0_U_HDMI_SWITCH4_P
Added Pin To Net: NetName=HDMI_A.D0_U_HDMI_SWITCH5_N Pin=J1_U_HDMI_IN5-9
Added Pin To Net: NetName=HDMI_A.D0_U_HDMI_SWITCH5_N Pin=U1_U_HDMI_SWITCH5-41
Added Net: Name=HDMI_A.D0_U_HDMI_SWITCH5_N
Added Pin To Net: NetName=HDMI_A.D0_U_HDMI_SWITCH5_P Pin=J1_U_HDMI_IN5-7
Added Pin To Net: NetName=HDMI_A.D0_U_HDMI_SWITCH5_P Pin=U1_U_HDMI_SWITCH5-42
Added Net: Name=HDMI_A.D0_U_HDMI_SWITCH5_P
Added Pin To Net: NetName=HDMI_A.D1_U_HDMI_SWITCH1_N Pin=J1_U_HDMI_IN1-6
Added Pin To Net: NetName=HDMI_A.D1_U_HDMI_SWITCH1_N Pin=U1_U_HDMI_SWITCH1-44
Added Net: Name=HDMI_A.D1_U_HDMI_SWITCH1_N
Added Pin To Net: NetName=HDMI_A.D1_U_HDMI_SWITCH1_P Pin=J1_U_HDMI_IN1-4
Added Pin To Net: NetName=HDMI_A.D1_U_HDMI_SWITCH1_P Pin=U1_U_HDMI_SWITCH1-45
Added Net: Name=HDMI_A.D1_U_HDMI_SWITCH1_P
Added Pin To Net: NetName=HDMI_A.D1_U_HDMI_SWITCH2_N Pin=J1_U_HDMI_IN2-6
Added Pin To Net: NetName=HDMI_A.D1_U_HDMI_SWITCH2_N Pin=U1_U_HDMI_SWITCH2-44
Added Net: Name=HDMI_A.D1_U_HDMI_SWITCH2_N
Added Pin To Net: NetName=HDMI_A.D1_U_HDMI_SWITCH2_P Pin=J1_U_HDMI_IN2-4
Added Pin To Net: NetName=HDMI_A.D1_U_HDMI_SWITCH2_P Pin=U1_U_HDMI_SWITCH2-45
Added Net: Name=HDMI_A.D1_U_HDMI_SWITCH2_P
Added Pin To Net: NetName=HDMI_A.D1_U_HDMI_SWITCH3_N Pin=J1_U_HDMI_IN3-6
Added Pin To Net: NetName=HDMI_A.D1_U_HDMI_SWITCH3_N Pin=U1_U_HDMI_SWITCH3-44
Added Net: Name=HDMI_A.D1_U_HDMI_SWITCH3_N
Added Pin To Net: NetName=HDMI_A.D1_U_HDMI_SWITCH3_P Pin=J1_U_HDMI_IN3-4
Added Pin To Net: NetName=HDMI_A.D1_U_HDMI_SWITCH3_P Pin=U1_U_HDMI_SWITCH3-45
Added Net: Name=HDMI_A.D1_U_HDMI_SWITCH3_P
Added Pin To Net: NetName=HDMI_A.D1_U_HDMI_SWITCH4_N Pin=J1_U_HDMI_IN4-6
Added Pin To Net: NetName=HDMI_A.D1_U_HDMI_SWITCH4_N Pin=U1_U_HDMI_SWITCH4-44
Added Net: Name=HDMI_A.D1_U_HDMI_SWITCH4_N
Added Pin To Net: NetName=HDMI_A.D1_U_HDMI_SWITCH4_P Pin=J1_U_HDMI_IN4-4
Added Pin To Net: NetName=HDMI_A.D1_U_HDMI_SWITCH4_P Pin=U1_U_HDMI_SWITCH4-45
Added Net: Name=HDMI_A.D1_U_HDMI_SWITCH4_P
Added Pin To Net: NetName=HDMI_A.D1_U_HDMI_SWITCH5_N Pin=J1_U_HDMI_IN5-6
Added Pin To Net: NetName=HDMI_A.D1_U_HDMI_SWITCH5_N Pin=U1_U_HDMI_SWITCH5-44
Added Net: Name=HDMI_A.D1_U_HDMI_SWITCH5_N
Added Pin To Net: NetName=HDMI_A.D1_U_HDMI_SWITCH5_P Pin=J1_U_HDMI_IN5-4
Added Pin To Net: NetName=HDMI_A.D1_U_HDMI_SWITCH5_P Pin=U1_U_HDMI_SWITCH5-45
Added Net: Name=HDMI_A.D1_U_HDMI_SWITCH5_P
Added Pin To Net: NetName=HDMI_A.D2_U_HDMI_SWITCH1_N Pin=J1_U_HDMI_IN1-3
Added Pin To Net: NetName=HDMI_A.D2_U_HDMI_SWITCH1_N Pin=U1_U_HDMI_SWITCH1-47
Added Net: Name=HDMI_A.D2_U_HDMI_SWITCH1_N
Added Pin To Net: NetName=HDMI_A.D2_U_HDMI_SWITCH1_P Pin=J1_U_HDMI_IN1-1
Added Pin To Net: NetName=HDMI_A.D2_U_HDMI_SWITCH1_P Pin=U1_U_HDMI_SWITCH1-48
Added Net: Name=HDMI_A.D2_U_HDMI_SWITCH1_P
Added Pin To Net: NetName=HDMI_A.D2_U_HDMI_SWITCH2_N Pin=J1_U_HDMI_IN2-3
Added Pin To Net: NetName=HDMI_A.D2_U_HDMI_SWITCH2_N Pin=U1_U_HDMI_SWITCH2-47
Added Net: Name=HDMI_A.D2_U_HDMI_SWITCH2_N
Added Pin To Net: NetName=HDMI_A.D2_U_HDMI_SWITCH2_P Pin=J1_U_HDMI_IN2-1
Added Pin To Net: NetName=HDMI_A.D2_U_HDMI_SWITCH2_P Pin=U1_U_HDMI_SWITCH2-48
Added Net: Name=HDMI_A.D2_U_HDMI_SWITCH2_P
Added Pin To Net: NetName=HDMI_A.D2_U_HDMI_SWITCH3_N Pin=J1_U_HDMI_IN3-3
Added Pin To Net: NetName=HDMI_A.D2_U_HDMI_SWITCH3_N Pin=U1_U_HDMI_SWITCH3-47
Added Net: Name=HDMI_A.D2_U_HDMI_SWITCH3_N
Added Pin To Net: NetName=HDMI_A.D2_U_HDMI_SWITCH3_P Pin=J1_U_HDMI_IN3-1
Added Pin To Net: NetName=HDMI_A.D2_U_HDMI_SWITCH3_P Pin=U1_U_HDMI_SWITCH3-48
Added Net: Name=HDMI_A.D2_U_HDMI_SWITCH3_P
Added Pin To Net: NetName=HDMI_A.D2_U_HDMI_SWITCH4_N Pin=J1_U_HDMI_IN4-3
Added Pin To Net: NetName=HDMI_A.D2_U_HDMI_SWITCH4_N Pin=U1_U_HDMI_SWITCH4-47
Added Net: Name=HDMI_A.D2_U_HDMI_SWITCH4_N
Added Pin To Net: NetName=HDMI_A.D2_U_HDMI_SWITCH4_P Pin=J1_U_HDMI_IN4-1
Added Pin To Net: NetName=HDMI_A.D2_U_HDMI_SWITCH4_P Pin=U1_U_HDMI_SWITCH4-48
Added Net: Name=HDMI_A.D2_U_HDMI_SWITCH4_P
Added Pin To Net: NetName=HDMI_A.D2_U_HDMI_SWITCH5_N Pin=J1_U_HDMI_IN5-3
Added Pin To Net: NetName=HDMI_A.D2_U_HDMI_SWITCH5_N Pin=U1_U_HDMI_SWITCH5-47
Added Net: Name=HDMI_A.D2_U_HDMI_SWITCH5_N
Added Pin To Net: NetName=HDMI_A.D2_U_HDMI_SWITCH5_P Pin=J1_U_HDMI_IN5-1
Added Pin To Net: NetName=HDMI_A.D2_U_HDMI_SWITCH5_P Pin=U1_U_HDMI_SWITCH5-48
Added Net: Name=HDMI_A.D2_U_HDMI_SWITCH5_P
Added Pin To Net: NetName=HDMI_B.CLK_U_HDMI_SWITCH1_N Pin=J2_U_HDMI_IN1-12
Added Pin To Net: NetName=HDMI_B.CLK_U_HDMI_SWITCH1_N Pin=U1_U_HDMI_SWITCH1-53
Added Net: Name=HDMI_B.CLK_U_HDMI_SWITCH1_N
Added Pin To Net: NetName=HDMI_B.CLK_U_HDMI_SWITCH1_P Pin=J2_U_HDMI_IN1-10
Added Pin To Net: NetName=HDMI_B.CLK_U_HDMI_SWITCH1_P Pin=U1_U_HDMI_SWITCH1-54
Added Net: Name=HDMI_B.CLK_U_HDMI_SWITCH1_P
Added Pin To Net: NetName=HDMI_B.CLK_U_HDMI_SWITCH2_N Pin=J2_U_HDMI_IN2-12
Added Pin To Net: NetName=HDMI_B.CLK_U_HDMI_SWITCH2_N Pin=U1_U_HDMI_SWITCH2-53
Added Net: Name=HDMI_B.CLK_U_HDMI_SWITCH2_N
Added Pin To Net: NetName=HDMI_B.CLK_U_HDMI_SWITCH2_P Pin=J2_U_HDMI_IN2-10
Added Pin To Net: NetName=HDMI_B.CLK_U_HDMI_SWITCH2_P Pin=U1_U_HDMI_SWITCH2-54
Added Net: Name=HDMI_B.CLK_U_HDMI_SWITCH2_P
Added Pin To Net: NetName=HDMI_B.CLK_U_HDMI_SWITCH3_N Pin=J2_U_HDMI_IN3-12
Added Pin To Net: NetName=HDMI_B.CLK_U_HDMI_SWITCH3_N Pin=U1_U_HDMI_SWITCH3-53
Added Net: Name=HDMI_B.CLK_U_HDMI_SWITCH3_N
Added Pin To Net: NetName=HDMI_B.CLK_U_HDMI_SWITCH3_P Pin=J2_U_HDMI_IN3-10
Added Pin To Net: NetName=HDMI_B.CLK_U_HDMI_SWITCH3_P Pin=U1_U_HDMI_SWITCH3-54
Added Net: Name=HDMI_B.CLK_U_HDMI_SWITCH3_P
Added Pin To Net: NetName=HDMI_B.CLK_U_HDMI_SWITCH4_N Pin=J2_U_HDMI_IN4-12
Added Pin To Net: NetName=HDMI_B.CLK_U_HDMI_SWITCH4_N Pin=U1_U_HDMI_SWITCH4-53
Added Net: Name=HDMI_B.CLK_U_HDMI_SWITCH4_N
Added Pin To Net: NetName=HDMI_B.CLK_U_HDMI_SWITCH4_P Pin=J2_U_HDMI_IN4-10
Added Pin To Net: NetName=HDMI_B.CLK_U_HDMI_SWITCH4_P Pin=U1_U_HDMI_SWITCH4-54
Added Net: Name=HDMI_B.CLK_U_HDMI_SWITCH4_P
Added Pin To Net: NetName=HDMI_B.CLK_U_HDMI_SWITCH5_N Pin=J2_U_HDMI_IN5-12
Added Pin To Net: NetName=HDMI_B.CLK_U_HDMI_SWITCH5_N Pin=U1_U_HDMI_SWITCH5-53
Added Net: Name=HDMI_B.CLK_U_HDMI_SWITCH5_N
Added Pin To Net: NetName=HDMI_B.CLK_U_HDMI_SWITCH5_P Pin=J2_U_HDMI_IN5-10
Added Pin To Net: NetName=HDMI_B.CLK_U_HDMI_SWITCH5_P Pin=U1_U_HDMI_SWITCH5-54
Added Net: Name=HDMI_B.CLK_U_HDMI_SWITCH5_P
Added Pin To Net: NetName=HDMI_B.D0_U_HDMI_SWITCH1_N Pin=J2_U_HDMI_IN1-9
Added Pin To Net: NetName=HDMI_B.D0_U_HDMI_SWITCH1_N Pin=U1_U_HDMI_SWITCH1-56
Added Net: Name=HDMI_B.D0_U_HDMI_SWITCH1_N
Added Pin To Net: NetName=HDMI_B.D0_U_HDMI_SWITCH1_P Pin=J2_U_HDMI_IN1-7
Added Pin To Net: NetName=HDMI_B.D0_U_HDMI_SWITCH1_P Pin=U1_U_HDMI_SWITCH1-57
Added Net: Name=HDMI_B.D0_U_HDMI_SWITCH1_P
Added Pin To Net: NetName=HDMI_B.D0_U_HDMI_SWITCH2_N Pin=J2_U_HDMI_IN2-9
Added Pin To Net: NetName=HDMI_B.D0_U_HDMI_SWITCH2_N Pin=U1_U_HDMI_SWITCH2-56
Added Net: Name=HDMI_B.D0_U_HDMI_SWITCH2_N
Added Pin To Net: NetName=HDMI_B.D0_U_HDMI_SWITCH2_P Pin=J2_U_HDMI_IN2-7
Added Pin To Net: NetName=HDMI_B.D0_U_HDMI_SWITCH2_P Pin=U1_U_HDMI_SWITCH2-57
Added Net: Name=HDMI_B.D0_U_HDMI_SWITCH2_P
Added Pin To Net: NetName=HDMI_B.D0_U_HDMI_SWITCH3_N Pin=J2_U_HDMI_IN3-9
Added Pin To Net: NetName=HDMI_B.D0_U_HDMI_SWITCH3_N Pin=U1_U_HDMI_SWITCH3-56
Added Net: Name=HDMI_B.D0_U_HDMI_SWITCH3_N
Added Pin To Net: NetName=HDMI_B.D0_U_HDMI_SWITCH3_P Pin=J2_U_HDMI_IN3-7
Added Pin To Net: NetName=HDMI_B.D0_U_HDMI_SWITCH3_P Pin=U1_U_HDMI_SWITCH3-57
Added Net: Name=HDMI_B.D0_U_HDMI_SWITCH3_P
Added Pin To Net: NetName=HDMI_B.D0_U_HDMI_SWITCH4_N Pin=J2_U_HDMI_IN4-9
Added Pin To Net: NetName=HDMI_B.D0_U_HDMI_SWITCH4_N Pin=U1_U_HDMI_SWITCH4-56
Added Net: Name=HDMI_B.D0_U_HDMI_SWITCH4_N
Added Pin To Net: NetName=HDMI_B.D0_U_HDMI_SWITCH4_P Pin=J2_U_HDMI_IN4-7
Added Pin To Net: NetName=HDMI_B.D0_U_HDMI_SWITCH4_P Pin=U1_U_HDMI_SWITCH4-57
Added Net: Name=HDMI_B.D0_U_HDMI_SWITCH4_P
Added Pin To Net: NetName=HDMI_B.D0_U_HDMI_SWITCH5_N Pin=J2_U_HDMI_IN5-9
Added Pin To Net: NetName=HDMI_B.D0_U_HDMI_SWITCH5_N Pin=U1_U_HDMI_SWITCH5-56
Added Net: Name=HDMI_B.D0_U_HDMI_SWITCH5_N
Added Pin To Net: NetName=HDMI_B.D0_U_HDMI_SWITCH5_P Pin=J2_U_HDMI_IN5-7
Added Pin To Net: NetName=HDMI_B.D0_U_HDMI_SWITCH5_P Pin=U1_U_HDMI_SWITCH5-57
Added Net: Name=HDMI_B.D0_U_HDMI_SWITCH5_P
Added Pin To Net: NetName=HDMI_B.D1_U_HDMI_SWITCH1_N Pin=J2_U_HDMI_IN1-6
Added Pin To Net: NetName=HDMI_B.D1_U_HDMI_SWITCH1_N Pin=U1_U_HDMI_SWITCH1-59
Added Net: Name=HDMI_B.D1_U_HDMI_SWITCH1_N
Added Pin To Net: NetName=HDMI_B.D1_U_HDMI_SWITCH1_P Pin=J2_U_HDMI_IN1-4
Added Pin To Net: NetName=HDMI_B.D1_U_HDMI_SWITCH1_P Pin=U1_U_HDMI_SWITCH1-60
Added Net: Name=HDMI_B.D1_U_HDMI_SWITCH1_P
Added Pin To Net: NetName=HDMI_B.D1_U_HDMI_SWITCH2_N Pin=J2_U_HDMI_IN2-6
Added Pin To Net: NetName=HDMI_B.D1_U_HDMI_SWITCH2_N Pin=U1_U_HDMI_SWITCH2-59
Added Net: Name=HDMI_B.D1_U_HDMI_SWITCH2_N
Added Pin To Net: NetName=HDMI_B.D1_U_HDMI_SWITCH2_P Pin=J2_U_HDMI_IN2-4
Added Pin To Net: NetName=HDMI_B.D1_U_HDMI_SWITCH2_P Pin=U1_U_HDMI_SWITCH2-60
Added Net: Name=HDMI_B.D1_U_HDMI_SWITCH2_P
Added Pin To Net: NetName=HDMI_B.D1_U_HDMI_SWITCH3_N Pin=J2_U_HDMI_IN3-6
Added Pin To Net: NetName=HDMI_B.D1_U_HDMI_SWITCH3_N Pin=U1_U_HDMI_SWITCH3-59
Added Net: Name=HDMI_B.D1_U_HDMI_SWITCH3_N
Added Pin To Net: NetName=HDMI_B.D1_U_HDMI_SWITCH3_P Pin=J2_U_HDMI_IN3-4
Added Pin To Net: NetName=HDMI_B.D1_U_HDMI_SWITCH3_P Pin=U1_U_HDMI_SWITCH3-60
Added Net: Name=HDMI_B.D1_U_HDMI_SWITCH3_P
Added Pin To Net: NetName=HDMI_B.D1_U_HDMI_SWITCH4_N Pin=J2_U_HDMI_IN4-6
Added Pin To Net: NetName=HDMI_B.D1_U_HDMI_SWITCH4_N Pin=U1_U_HDMI_SWITCH4-59
Added Net: Name=HDMI_B.D1_U_HDMI_SWITCH4_N
Added Pin To Net: NetName=HDMI_B.D1_U_HDMI_SWITCH4_P Pin=J2_U_HDMI_IN4-4
Added Pin To Net: NetName=HDMI_B.D1_U_HDMI_SWITCH4_P Pin=U1_U_HDMI_SWITCH4-60
Added Net: Name=HDMI_B.D1_U_HDMI_SWITCH4_P
Added Pin To Net: NetName=HDMI_B.D1_U_HDMI_SWITCH5_N Pin=J2_U_HDMI_IN5-6
Added Pin To Net: NetName=HDMI_B.D1_U_HDMI_SWITCH5_N Pin=U1_U_HDMI_SWITCH5-59
Added Net: Name=HDMI_B.D1_U_HDMI_SWITCH5_N
Added Pin To Net: NetName=HDMI_B.D1_U_HDMI_SWITCH5_P Pin=J2_U_HDMI_IN5-4
Added Pin To Net: NetName=HDMI_B.D1_U_HDMI_SWITCH5_P Pin=U1_U_HDMI_SWITCH5-60
Added Net: Name=HDMI_B.D1_U_HDMI_SWITCH5_P
Added Pin To Net: NetName=HDMI_B.D2_U_HDMI_SWITCH1_N Pin=J2_U_HDMI_IN1-3
Added Pin To Net: NetName=HDMI_B.D2_U_HDMI_SWITCH1_N Pin=U1_U_HDMI_SWITCH1-62
Added Net: Name=HDMI_B.D2_U_HDMI_SWITCH1_N
Added Pin To Net: NetName=HDMI_B.D2_U_HDMI_SWITCH1_P Pin=J2_U_HDMI_IN1-1
Added Pin To Net: NetName=HDMI_B.D2_U_HDMI_SWITCH1_P Pin=U1_U_HDMI_SWITCH1-63
Added Net: Name=HDMI_B.D2_U_HDMI_SWITCH1_P
Added Pin To Net: NetName=HDMI_B.D2_U_HDMI_SWITCH2_N Pin=J2_U_HDMI_IN2-3
Added Pin To Net: NetName=HDMI_B.D2_U_HDMI_SWITCH2_N Pin=U1_U_HDMI_SWITCH2-62
Added Net: Name=HDMI_B.D2_U_HDMI_SWITCH2_N
Added Pin To Net: NetName=HDMI_B.D2_U_HDMI_SWITCH2_P Pin=J2_U_HDMI_IN2-1
Added Pin To Net: NetName=HDMI_B.D2_U_HDMI_SWITCH2_P Pin=U1_U_HDMI_SWITCH2-63
Added Net: Name=HDMI_B.D2_U_HDMI_SWITCH2_P
Added Pin To Net: NetName=HDMI_B.D2_U_HDMI_SWITCH3_N Pin=J2_U_HDMI_IN3-3
Added Pin To Net: NetName=HDMI_B.D2_U_HDMI_SWITCH3_N Pin=U1_U_HDMI_SWITCH3-62
Added Net: Name=HDMI_B.D2_U_HDMI_SWITCH3_N
Added Pin To Net: NetName=HDMI_B.D2_U_HDMI_SWITCH3_P Pin=J2_U_HDMI_IN3-1
Added Pin To Net: NetName=HDMI_B.D2_U_HDMI_SWITCH3_P Pin=U1_U_HDMI_SWITCH3-63
Added Net: Name=HDMI_B.D2_U_HDMI_SWITCH3_P
Added Pin To Net: NetName=HDMI_B.D2_U_HDMI_SWITCH4_N Pin=J2_U_HDMI_IN4-3
Added Pin To Net: NetName=HDMI_B.D2_U_HDMI_SWITCH4_N Pin=U1_U_HDMI_SWITCH4-62
Added Net: Name=HDMI_B.D2_U_HDMI_SWITCH4_N
Added Pin To Net: NetName=HDMI_B.D2_U_HDMI_SWITCH4_P Pin=J2_U_HDMI_IN4-1
Added Pin To Net: NetName=HDMI_B.D2_U_HDMI_SWITCH4_P Pin=U1_U_HDMI_SWITCH4-63
Added Net: Name=HDMI_B.D2_U_HDMI_SWITCH4_P
Added Pin To Net: NetName=HDMI_B.D2_U_HDMI_SWITCH5_N Pin=J2_U_HDMI_IN5-3
Added Pin To Net: NetName=HDMI_B.D2_U_HDMI_SWITCH5_N Pin=U1_U_HDMI_SWITCH5-62
Added Net: Name=HDMI_B.D2_U_HDMI_SWITCH5_N
Added Pin To Net: NetName=HDMI_B.D2_U_HDMI_SWITCH5_P Pin=J2_U_HDMI_IN5-1
Added Pin To Net: NetName=HDMI_B.D2_U_HDMI_SWITCH5_P Pin=U1_U_HDMI_SWITCH5-63
Added Net: Name=HDMI_B.D2_U_HDMI_SWITCH5_P
Added Pin To Net: NetName=HDMI_OUT.CLK_U_HDMI_SWITCH1_N Pin=J3_U_HDMI_OUT1-12
Added Pin To Net: NetName=HDMI_OUT.CLK_U_HDMI_SWITCH1_N Pin=U1_U_HDMI_SWITCH1-27
Added Net: Name=HDMI_OUT.CLK_U_HDMI_SWITCH1_N
Added Pin To Net: NetName=HDMI_OUT.CLK_U_HDMI_SWITCH1_P Pin=J3_U_HDMI_OUT1-10
Added Pin To Net: NetName=HDMI_OUT.CLK_U_HDMI_SWITCH1_P Pin=U1_U_HDMI_SWITCH1-26
Added Net: Name=HDMI_OUT.CLK_U_HDMI_SWITCH1_P
Added Pin To Net: NetName=HDMI_OUT.CLK_U_HDMI_SWITCH2_N Pin=J3_U_HDMI_OUT2-12
Added Pin To Net: NetName=HDMI_OUT.CLK_U_HDMI_SWITCH2_N Pin=U1_U_HDMI_SWITCH2-27
Added Net: Name=HDMI_OUT.CLK_U_HDMI_SWITCH2_N
Added Pin To Net: NetName=HDMI_OUT.CLK_U_HDMI_SWITCH2_P Pin=J3_U_HDMI_OUT2-10
Added Pin To Net: NetName=HDMI_OUT.CLK_U_HDMI_SWITCH2_P Pin=U1_U_HDMI_SWITCH2-26
Added Net: Name=HDMI_OUT.CLK_U_HDMI_SWITCH2_P
Added Pin To Net: NetName=HDMI_OUT.CLK_U_HDMI_SWITCH3_N Pin=J3_U_HDMI_OUT3-12
Added Pin To Net: NetName=HDMI_OUT.CLK_U_HDMI_SWITCH3_N Pin=U1_U_HDMI_SWITCH3-27
Added Net: Name=HDMI_OUT.CLK_U_HDMI_SWITCH3_N
Added Pin To Net: NetName=HDMI_OUT.CLK_U_HDMI_SWITCH3_P Pin=J3_U_HDMI_OUT3-10
Added Pin To Net: NetName=HDMI_OUT.CLK_U_HDMI_SWITCH3_P Pin=U1_U_HDMI_SWITCH3-26
Added Net: Name=HDMI_OUT.CLK_U_HDMI_SWITCH3_P
Added Pin To Net: NetName=HDMI_OUT.CLK_U_HDMI_SWITCH4_N Pin=J3_U_HDMI_OUT4-12
Added Pin To Net: NetName=HDMI_OUT.CLK_U_HDMI_SWITCH4_N Pin=U1_U_HDMI_SWITCH4-27
Added Net: Name=HDMI_OUT.CLK_U_HDMI_SWITCH4_N
Added Pin To Net: NetName=HDMI_OUT.CLK_U_HDMI_SWITCH4_P Pin=J3_U_HDMI_OUT4-10
Added Pin To Net: NetName=HDMI_OUT.CLK_U_HDMI_SWITCH4_P Pin=U1_U_HDMI_SWITCH4-26
Added Net: Name=HDMI_OUT.CLK_U_HDMI_SWITCH4_P
Added Pin To Net: NetName=HDMI_OUT.CLK_U_HDMI_SWITCH5_N Pin=J3_U_HDMI_OUT5-12
Added Pin To Net: NetName=HDMI_OUT.CLK_U_HDMI_SWITCH5_N Pin=U1_U_HDMI_SWITCH5-27
Added Net: Name=HDMI_OUT.CLK_U_HDMI_SWITCH5_N
Added Pin To Net: NetName=HDMI_OUT.CLK_U_HDMI_SWITCH5_P Pin=J3_U_HDMI_OUT5-10
Added Pin To Net: NetName=HDMI_OUT.CLK_U_HDMI_SWITCH5_P Pin=U1_U_HDMI_SWITCH5-26
Added Net: Name=HDMI_OUT.CLK_U_HDMI_SWITCH5_P
Added Pin To Net: NetName=HDMI_OUT.D0_U_HDMI_SWITCH1_N Pin=J3_U_HDMI_OUT1-9
Added Pin To Net: NetName=HDMI_OUT.D0_U_HDMI_SWITCH1_N Pin=U1_U_HDMI_SWITCH1-24
Added Net: Name=HDMI_OUT.D0_U_HDMI_SWITCH1_N
Added Pin To Net: NetName=HDMI_OUT.D0_U_HDMI_SWITCH1_P Pin=J3_U_HDMI_OUT1-7
Added Pin To Net: NetName=HDMI_OUT.D0_U_HDMI_SWITCH1_P Pin=U1_U_HDMI_SWITCH1-23
Added Net: Name=HDMI_OUT.D0_U_HDMI_SWITCH1_P
Added Pin To Net: NetName=HDMI_OUT.D0_U_HDMI_SWITCH2_N Pin=J3_U_HDMI_OUT2-9
Added Pin To Net: NetName=HDMI_OUT.D0_U_HDMI_SWITCH2_N Pin=U1_U_HDMI_SWITCH2-24
Added Net: Name=HDMI_OUT.D0_U_HDMI_SWITCH2_N
Added Pin To Net: NetName=HDMI_OUT.D0_U_HDMI_SWITCH2_P Pin=J3_U_HDMI_OUT2-7
Added Pin To Net: NetName=HDMI_OUT.D0_U_HDMI_SWITCH2_P Pin=U1_U_HDMI_SWITCH2-23
Added Net: Name=HDMI_OUT.D0_U_HDMI_SWITCH2_P
Added Pin To Net: NetName=HDMI_OUT.D0_U_HDMI_SWITCH3_N Pin=J3_U_HDMI_OUT3-9
Added Pin To Net: NetName=HDMI_OUT.D0_U_HDMI_SWITCH3_N Pin=U1_U_HDMI_SWITCH3-24
Added Net: Name=HDMI_OUT.D0_U_HDMI_SWITCH3_N
Added Pin To Net: NetName=HDMI_OUT.D0_U_HDMI_SWITCH3_P Pin=J3_U_HDMI_OUT3-7
Added Pin To Net: NetName=HDMI_OUT.D0_U_HDMI_SWITCH3_P Pin=U1_U_HDMI_SWITCH3-23
Added Net: Name=HDMI_OUT.D0_U_HDMI_SWITCH3_P
Added Pin To Net: NetName=HDMI_OUT.D0_U_HDMI_SWITCH4_N Pin=J3_U_HDMI_OUT4-9
Added Pin To Net: NetName=HDMI_OUT.D0_U_HDMI_SWITCH4_N Pin=U1_U_HDMI_SWITCH4-24
Added Net: Name=HDMI_OUT.D0_U_HDMI_SWITCH4_N
Added Pin To Net: NetName=HDMI_OUT.D0_U_HDMI_SWITCH4_P Pin=J3_U_HDMI_OUT4-7
Added Pin To Net: NetName=HDMI_OUT.D0_U_HDMI_SWITCH4_P Pin=U1_U_HDMI_SWITCH4-23
Added Net: Name=HDMI_OUT.D0_U_HDMI_SWITCH4_P
Added Pin To Net: NetName=HDMI_OUT.D0_U_HDMI_SWITCH5_N Pin=J3_U_HDMI_OUT5-9
Added Pin To Net: NetName=HDMI_OUT.D0_U_HDMI_SWITCH5_N Pin=U1_U_HDMI_SWITCH5-24
Added Net: Name=HDMI_OUT.D0_U_HDMI_SWITCH5_N
Added Pin To Net: NetName=HDMI_OUT.D0_U_HDMI_SWITCH5_P Pin=J3_U_HDMI_OUT5-7
Added Pin To Net: NetName=HDMI_OUT.D0_U_HDMI_SWITCH5_P Pin=U1_U_HDMI_SWITCH5-23
Added Net: Name=HDMI_OUT.D0_U_HDMI_SWITCH5_P
Added Pin To Net: NetName=HDMI_OUT.D1_U_HDMI_SWITCH1_N Pin=J3_U_HDMI_OUT1-6
Added Pin To Net: NetName=HDMI_OUT.D1_U_HDMI_SWITCH1_N Pin=U1_U_HDMI_SWITCH1-21
Added Net: Name=HDMI_OUT.D1_U_HDMI_SWITCH1_N
Added Pin To Net: NetName=HDMI_OUT.D1_U_HDMI_SWITCH1_P Pin=J3_U_HDMI_OUT1-4
Added Pin To Net: NetName=HDMI_OUT.D1_U_HDMI_SWITCH1_P Pin=U1_U_HDMI_SWITCH1-20
Added Net: Name=HDMI_OUT.D1_U_HDMI_SWITCH1_P
Added Pin To Net: NetName=HDMI_OUT.D1_U_HDMI_SWITCH2_N Pin=J3_U_HDMI_OUT2-6
Added Pin To Net: NetName=HDMI_OUT.D1_U_HDMI_SWITCH2_N Pin=U1_U_HDMI_SWITCH2-21
Added Net: Name=HDMI_OUT.D1_U_HDMI_SWITCH2_N
Added Pin To Net: NetName=HDMI_OUT.D1_U_HDMI_SWITCH2_P Pin=J3_U_HDMI_OUT2-4
Added Pin To Net: NetName=HDMI_OUT.D1_U_HDMI_SWITCH2_P Pin=U1_U_HDMI_SWITCH2-20
Added Net: Name=HDMI_OUT.D1_U_HDMI_SWITCH2_P
Added Pin To Net: NetName=HDMI_OUT.D1_U_HDMI_SWITCH3_N Pin=J3_U_HDMI_OUT3-6
Added Pin To Net: NetName=HDMI_OUT.D1_U_HDMI_SWITCH3_N Pin=U1_U_HDMI_SWITCH3-21
Added Net: Name=HDMI_OUT.D1_U_HDMI_SWITCH3_N
Added Pin To Net: NetName=HDMI_OUT.D1_U_HDMI_SWITCH3_P Pin=J3_U_HDMI_OUT3-4
Added Pin To Net: NetName=HDMI_OUT.D1_U_HDMI_SWITCH3_P Pin=U1_U_HDMI_SWITCH3-20
Added Net: Name=HDMI_OUT.D1_U_HDMI_SWITCH3_P
Added Pin To Net: NetName=HDMI_OUT.D1_U_HDMI_SWITCH4_N Pin=J3_U_HDMI_OUT4-6
Added Pin To Net: NetName=HDMI_OUT.D1_U_HDMI_SWITCH4_N Pin=U1_U_HDMI_SWITCH4-21
Added Net: Name=HDMI_OUT.D1_U_HDMI_SWITCH4_N
Added Pin To Net: NetName=HDMI_OUT.D1_U_HDMI_SWITCH4_P Pin=J3_U_HDMI_OUT4-4
Added Pin To Net: NetName=HDMI_OUT.D1_U_HDMI_SWITCH4_P Pin=U1_U_HDMI_SWITCH4-20
Added Net: Name=HDMI_OUT.D1_U_HDMI_SWITCH4_P
Added Pin To Net: NetName=HDMI_OUT.D1_U_HDMI_SWITCH5_N Pin=J3_U_HDMI_OUT5-6
Added Pin To Net: NetName=HDMI_OUT.D1_U_HDMI_SWITCH5_N Pin=U1_U_HDMI_SWITCH5-21
Added Net: Name=HDMI_OUT.D1_U_HDMI_SWITCH5_N
Added Pin To Net: NetName=HDMI_OUT.D1_U_HDMI_SWITCH5_P Pin=J3_U_HDMI_OUT5-4
Added Pin To Net: NetName=HDMI_OUT.D1_U_HDMI_SWITCH5_P Pin=U1_U_HDMI_SWITCH5-20
Added Net: Name=HDMI_OUT.D1_U_HDMI_SWITCH5_P
Added Pin To Net: NetName=HDMI_OUT.D2_U_HDMI_SWITCH1_N Pin=J3_U_HDMI_OUT1-3
Added Pin To Net: NetName=HDMI_OUT.D2_U_HDMI_SWITCH1_N Pin=U1_U_HDMI_SWITCH1-18
Added Net: Name=HDMI_OUT.D2_U_HDMI_SWITCH1_N
Added Pin To Net: NetName=HDMI_OUT.D2_U_HDMI_SWITCH1_P Pin=J3_U_HDMI_OUT1-1
Added Pin To Net: NetName=HDMI_OUT.D2_U_HDMI_SWITCH1_P Pin=U1_U_HDMI_SWITCH1-17
Added Net: Name=HDMI_OUT.D2_U_HDMI_SWITCH1_P
Added Pin To Net: NetName=HDMI_OUT.D2_U_HDMI_SWITCH2_N Pin=J3_U_HDMI_OUT2-3
Added Pin To Net: NetName=HDMI_OUT.D2_U_HDMI_SWITCH2_N Pin=U1_U_HDMI_SWITCH2-18
Added Net: Name=HDMI_OUT.D2_U_HDMI_SWITCH2_N
Added Pin To Net: NetName=HDMI_OUT.D2_U_HDMI_SWITCH2_P Pin=J3_U_HDMI_OUT2-1
Added Pin To Net: NetName=HDMI_OUT.D2_U_HDMI_SWITCH2_P Pin=U1_U_HDMI_SWITCH2-17
Added Net: Name=HDMI_OUT.D2_U_HDMI_SWITCH2_P
Added Pin To Net: NetName=HDMI_OUT.D2_U_HDMI_SWITCH3_N Pin=J3_U_HDMI_OUT3-3
Added Pin To Net: NetName=HDMI_OUT.D2_U_HDMI_SWITCH3_N Pin=U1_U_HDMI_SWITCH3-18
Added Net: Name=HDMI_OUT.D2_U_HDMI_SWITCH3_N
Added Pin To Net: NetName=HDMI_OUT.D2_U_HDMI_SWITCH3_P Pin=J3_U_HDMI_OUT3-1
Added Pin To Net: NetName=HDMI_OUT.D2_U_HDMI_SWITCH3_P Pin=U1_U_HDMI_SWITCH3-17
Added Net: Name=HDMI_OUT.D2_U_HDMI_SWITCH3_P
Added Pin To Net: NetName=HDMI_OUT.D2_U_HDMI_SWITCH4_N Pin=J3_U_HDMI_OUT4-3
Added Pin To Net: NetName=HDMI_OUT.D2_U_HDMI_SWITCH4_N Pin=U1_U_HDMI_SWITCH4-18
Added Net: Name=HDMI_OUT.D2_U_HDMI_SWITCH4_N
Added Pin To Net: NetName=HDMI_OUT.D2_U_HDMI_SWITCH4_P Pin=J3_U_HDMI_OUT4-1
Added Pin To Net: NetName=HDMI_OUT.D2_U_HDMI_SWITCH4_P Pin=U1_U_HDMI_SWITCH4-17
Added Net: Name=HDMI_OUT.D2_U_HDMI_SWITCH4_P
Added Pin To Net: NetName=HDMI_OUT.D2_U_HDMI_SWITCH5_N Pin=J3_U_HDMI_OUT5-3
Added Pin To Net: NetName=HDMI_OUT.D2_U_HDMI_SWITCH5_N Pin=U1_U_HDMI_SWITCH5-18
Added Net: Name=HDMI_OUT.D2_U_HDMI_SWITCH5_N
Added Pin To Net: NetName=HDMI_OUT.D2_U_HDMI_SWITCH5_P Pin=J3_U_HDMI_OUT5-1
Added Pin To Net: NetName=HDMI_OUT.D2_U_HDMI_SWITCH5_P Pin=U1_U_HDMI_SWITCH5-17
Added Net: Name=HDMI_OUT.D2_U_HDMI_SWITCH5_P
Added Pin To Net: NetName=NetC1_1 Pin=C1-1
Added Pin To Net: NetName=NetC1_1 Pin=R6-1
Added Net: Name=NetC1_1
Added Pin To Net: NetName=NetJ1_U_HDMI_IN1_15 Pin=J1_U_HDMI_IN1-15
Added Pin To Net: NetName=NetJ1_U_HDMI_IN1_15 Pin=U1_U_HDMI_SWITCH1-37
Added Net: Name=NetJ1_U_HDMI_IN1_15
Added Pin To Net: NetName=NetJ1_U_HDMI_IN1_16 Pin=J1_U_HDMI_IN1-16
Added Pin To Net: NetName=NetJ1_U_HDMI_IN1_16 Pin=U1_U_HDMI_SWITCH1-36
Added Net: Name=NetJ1_U_HDMI_IN1_16
Added Pin To Net: NetName=NetJ1_U_HDMI_IN1_17 Pin=J1_U_HDMI_IN1-17
Added Pin To Net: NetName=NetJ1_U_HDMI_IN1_17 Pin=U1_U_HDMI_SWITCH1-35
Added Net: Name=NetJ1_U_HDMI_IN1_17
Added Pin To Net: NetName=NetJ1_U_HDMI_IN2_15 Pin=J1_U_HDMI_IN2-15
Added Pin To Net: NetName=NetJ1_U_HDMI_IN2_15 Pin=U1_U_HDMI_SWITCH2-37
Added Net: Name=NetJ1_U_HDMI_IN2_15
Added Pin To Net: NetName=NetJ1_U_HDMI_IN2_16 Pin=J1_U_HDMI_IN2-16
Added Pin To Net: NetName=NetJ1_U_HDMI_IN2_16 Pin=U1_U_HDMI_SWITCH2-36
Added Net: Name=NetJ1_U_HDMI_IN2_16
Added Pin To Net: NetName=NetJ1_U_HDMI_IN2_17 Pin=J1_U_HDMI_IN2-17
Added Pin To Net: NetName=NetJ1_U_HDMI_IN2_17 Pin=U1_U_HDMI_SWITCH2-35
Added Net: Name=NetJ1_U_HDMI_IN2_17
Added Pin To Net: NetName=NetJ1_U_HDMI_IN3_15 Pin=J1_U_HDMI_IN3-15
Added Pin To Net: NetName=NetJ1_U_HDMI_IN3_15 Pin=U1_U_HDMI_SWITCH3-37
Added Net: Name=NetJ1_U_HDMI_IN3_15
Added Pin To Net: NetName=NetJ1_U_HDMI_IN3_16 Pin=J1_U_HDMI_IN3-16
Added Pin To Net: NetName=NetJ1_U_HDMI_IN3_16 Pin=U1_U_HDMI_SWITCH3-36
Added Net: Name=NetJ1_U_HDMI_IN3_16
Added Pin To Net: NetName=NetJ1_U_HDMI_IN3_17 Pin=J1_U_HDMI_IN3-17
Added Pin To Net: NetName=NetJ1_U_HDMI_IN3_17 Pin=U1_U_HDMI_SWITCH3-35
Added Net: Name=NetJ1_U_HDMI_IN3_17
Added Pin To Net: NetName=NetJ1_U_HDMI_IN4_15 Pin=J1_U_HDMI_IN4-15
Added Pin To Net: NetName=NetJ1_U_HDMI_IN4_15 Pin=U1_U_HDMI_SWITCH4-37
Added Net: Name=NetJ1_U_HDMI_IN4_15
Added Pin To Net: NetName=NetJ1_U_HDMI_IN4_16 Pin=J1_U_HDMI_IN4-16
Added Pin To Net: NetName=NetJ1_U_HDMI_IN4_16 Pin=U1_U_HDMI_SWITCH4-36
Added Net: Name=NetJ1_U_HDMI_IN4_16
Added Pin To Net: NetName=NetJ1_U_HDMI_IN4_17 Pin=J1_U_HDMI_IN4-17
Added Pin To Net: NetName=NetJ1_U_HDMI_IN4_17 Pin=U1_U_HDMI_SWITCH4-35
Added Net: Name=NetJ1_U_HDMI_IN4_17
Added Pin To Net: NetName=NetJ1_U_HDMI_IN5_15 Pin=J1_U_HDMI_IN5-15
Added Pin To Net: NetName=NetJ1_U_HDMI_IN5_15 Pin=U1_U_HDMI_SWITCH5-37
Added Net: Name=NetJ1_U_HDMI_IN5_15
Added Pin To Net: NetName=NetJ1_U_HDMI_IN5_16 Pin=J1_U_HDMI_IN5-16
Added Pin To Net: NetName=NetJ1_U_HDMI_IN5_16 Pin=U1_U_HDMI_SWITCH5-36
Added Net: Name=NetJ1_U_HDMI_IN5_16
Added Pin To Net: NetName=NetJ1_U_HDMI_IN5_17 Pin=J1_U_HDMI_IN5-17
Added Pin To Net: NetName=NetJ1_U_HDMI_IN5_17 Pin=U1_U_HDMI_SWITCH5-35
Added Net: Name=NetJ1_U_HDMI_IN5_17
Added Pin To Net: NetName=NetJ2_U_HDMI_IN1_15 Pin=J2_U_HDMI_IN1-15
Added Pin To Net: NetName=NetJ2_U_HDMI_IN1_15 Pin=U1_U_HDMI_SWITCH1-52
Added Net: Name=NetJ2_U_HDMI_IN1_15
Added Pin To Net: NetName=NetJ2_U_HDMI_IN1_16 Pin=J2_U_HDMI_IN1-16
Added Pin To Net: NetName=NetJ2_U_HDMI_IN1_16 Pin=U1_U_HDMI_SWITCH1-51
Added Net: Name=NetJ2_U_HDMI_IN1_16
Added Pin To Net: NetName=NetJ2_U_HDMI_IN1_17 Pin=J2_U_HDMI_IN1-17
Added Pin To Net: NetName=NetJ2_U_HDMI_IN1_17 Pin=U1_U_HDMI_SWITCH1-50
Added Net: Name=NetJ2_U_HDMI_IN1_17
Added Pin To Net: NetName=NetJ2_U_HDMI_IN2_15 Pin=J2_U_HDMI_IN2-15
Added Pin To Net: NetName=NetJ2_U_HDMI_IN2_15 Pin=U1_U_HDMI_SWITCH2-52
Added Net: Name=NetJ2_U_HDMI_IN2_15
Added Pin To Net: NetName=NetJ2_U_HDMI_IN2_16 Pin=J2_U_HDMI_IN2-16
Added Pin To Net: NetName=NetJ2_U_HDMI_IN2_16 Pin=U1_U_HDMI_SWITCH2-51
Added Net: Name=NetJ2_U_HDMI_IN2_16
Added Pin To Net: NetName=NetJ2_U_HDMI_IN2_17 Pin=J2_U_HDMI_IN2-17
Added Pin To Net: NetName=NetJ2_U_HDMI_IN2_17 Pin=U1_U_HDMI_SWITCH2-50
Added Net: Name=NetJ2_U_HDMI_IN2_17
Added Pin To Net: NetName=NetJ2_U_HDMI_IN3_15 Pin=J2_U_HDMI_IN3-15
Added Pin To Net: NetName=NetJ2_U_HDMI_IN3_15 Pin=U1_U_HDMI_SWITCH3-52
Added Net: Name=NetJ2_U_HDMI_IN3_15
Added Pin To Net: NetName=NetJ2_U_HDMI_IN3_16 Pin=J2_U_HDMI_IN3-16
Added Pin To Net: NetName=NetJ2_U_HDMI_IN3_16 Pin=U1_U_HDMI_SWITCH3-51
Added Net: Name=NetJ2_U_HDMI_IN3_16
Added Pin To Net: NetName=NetJ2_U_HDMI_IN3_17 Pin=J2_U_HDMI_IN3-17
Added Pin To Net: NetName=NetJ2_U_HDMI_IN3_17 Pin=U1_U_HDMI_SWITCH3-50
Added Net: Name=NetJ2_U_HDMI_IN3_17
Added Pin To Net: NetName=NetJ2_U_HDMI_IN4_15 Pin=J2_U_HDMI_IN4-15
Added Pin To Net: NetName=NetJ2_U_HDMI_IN4_15 Pin=U1_U_HDMI_SWITCH4-52
Added Net: Name=NetJ2_U_HDMI_IN4_15
Added Pin To Net: NetName=NetJ2_U_HDMI_IN4_16 Pin=J2_U_HDMI_IN4-16
Added Pin To Net: NetName=NetJ2_U_HDMI_IN4_16 Pin=U1_U_HDMI_SWITCH4-51
Added Net: Name=NetJ2_U_HDMI_IN4_16
Added Pin To Net: NetName=NetJ2_U_HDMI_IN4_17 Pin=J2_U_HDMI_IN4-17
Added Pin To Net: NetName=NetJ2_U_HDMI_IN4_17 Pin=U1_U_HDMI_SWITCH4-50
Added Net: Name=NetJ2_U_HDMI_IN4_17
Added Pin To Net: NetName=NetJ2_U_HDMI_IN5_15 Pin=J2_U_HDMI_IN5-15
Added Pin To Net: NetName=NetJ2_U_HDMI_IN5_15 Pin=U1_U_HDMI_SWITCH5-52
Added Net: Name=NetJ2_U_HDMI_IN5_15
Added Pin To Net: NetName=NetJ2_U_HDMI_IN5_16 Pin=J2_U_HDMI_IN5-16
Added Pin To Net: NetName=NetJ2_U_HDMI_IN5_16 Pin=U1_U_HDMI_SWITCH5-51
Added Net: Name=NetJ2_U_HDMI_IN5_16
Added Pin To Net: NetName=NetJ2_U_HDMI_IN5_17 Pin=J2_U_HDMI_IN5-17
Added Pin To Net: NetName=NetJ2_U_HDMI_IN5_17 Pin=U1_U_HDMI_SWITCH5-50
Added Net: Name=NetJ2_U_HDMI_IN5_17
Added Pin To Net: NetName=NetJ3_U_HDMI_OUT1_15 Pin=J3_U_HDMI_OUT1-15
Added Pin To Net: NetName=NetJ3_U_HDMI_OUT1_15 Pin=U1_U_HDMI_SWITCH1-29
Added Net: Name=NetJ3_U_HDMI_OUT1_15
Added Pin To Net: NetName=NetJ3_U_HDMI_OUT1_16 Pin=J3_U_HDMI_OUT1-16
Added Pin To Net: NetName=NetJ3_U_HDMI_OUT1_16 Pin=U1_U_HDMI_SWITCH1-30
Added Net: Name=NetJ3_U_HDMI_OUT1_16
Added Pin To Net: NetName=NetJ3_U_HDMI_OUT1_17 Pin=J3_U_HDMI_OUT1-17
Added Pin To Net: NetName=NetJ3_U_HDMI_OUT1_17 Pin=U1_U_HDMI_SWITCH1-31
Added Net: Name=NetJ3_U_HDMI_OUT1_17
Added Pin To Net: NetName=NetJ3_U_HDMI_OUT2_15 Pin=J3_U_HDMI_OUT2-15
Added Pin To Net: NetName=NetJ3_U_HDMI_OUT2_15 Pin=U1_U_HDMI_SWITCH2-29
Added Net: Name=NetJ3_U_HDMI_OUT2_15
Added Pin To Net: NetName=NetJ3_U_HDMI_OUT2_16 Pin=J3_U_HDMI_OUT2-16
Added Pin To Net: NetName=NetJ3_U_HDMI_OUT2_16 Pin=U1_U_HDMI_SWITCH2-30
Added Net: Name=NetJ3_U_HDMI_OUT2_16
Added Pin To Net: NetName=NetJ3_U_HDMI_OUT2_17 Pin=J3_U_HDMI_OUT2-17
Added Pin To Net: NetName=NetJ3_U_HDMI_OUT2_17 Pin=U1_U_HDMI_SWITCH2-31
Added Net: Name=NetJ3_U_HDMI_OUT2_17
Added Pin To Net: NetName=NetJ3_U_HDMI_OUT3_15 Pin=J3_U_HDMI_OUT3-15
Added Pin To Net: NetName=NetJ3_U_HDMI_OUT3_15 Pin=U1_U_HDMI_SWITCH3-29
Added Net: Name=NetJ3_U_HDMI_OUT3_15
Added Pin To Net: NetName=NetJ3_U_HDMI_OUT3_16 Pin=J3_U_HDMI_OUT3-16
Added Pin To Net: NetName=NetJ3_U_HDMI_OUT3_16 Pin=U1_U_HDMI_SWITCH3-30
Added Net: Name=NetJ3_U_HDMI_OUT3_16
Added Pin To Net: NetName=NetJ3_U_HDMI_OUT3_17 Pin=J3_U_HDMI_OUT3-17
Added Pin To Net: NetName=NetJ3_U_HDMI_OUT3_17 Pin=U1_U_HDMI_SWITCH3-31
Added Net: Name=NetJ3_U_HDMI_OUT3_17
Added Pin To Net: NetName=NetJ3_U_HDMI_OUT4_15 Pin=J3_U_HDMI_OUT4-15
Added Pin To Net: NetName=NetJ3_U_HDMI_OUT4_15 Pin=U1_U_HDMI_SWITCH4-29
Added Net: Name=NetJ3_U_HDMI_OUT4_15
Added Pin To Net: NetName=NetJ3_U_HDMI_OUT4_16 Pin=J3_U_HDMI_OUT4-16
Added Pin To Net: NetName=NetJ3_U_HDMI_OUT4_16 Pin=U1_U_HDMI_SWITCH4-30
Added Net: Name=NetJ3_U_HDMI_OUT4_16
Added Pin To Net: NetName=NetJ3_U_HDMI_OUT4_17 Pin=J3_U_HDMI_OUT4-17
Added Pin To Net: NetName=NetJ3_U_HDMI_OUT4_17 Pin=U1_U_HDMI_SWITCH4-31
Added Net: Name=NetJ3_U_HDMI_OUT4_17
Added Pin To Net: NetName=NetJ3_U_HDMI_OUT5_15 Pin=J3_U_HDMI_OUT5-15
Added Pin To Net: NetName=NetJ3_U_HDMI_OUT5_15 Pin=U1_U_HDMI_SWITCH5-29
Added Net: Name=NetJ3_U_HDMI_OUT5_15
Added Pin To Net: NetName=NetJ3_U_HDMI_OUT5_16 Pin=J3_U_HDMI_OUT5-16
Added Pin To Net: NetName=NetJ3_U_HDMI_OUT5_16 Pin=U1_U_HDMI_SWITCH5-30
Added Net: Name=NetJ3_U_HDMI_OUT5_16
Added Pin To Net: NetName=NetJ3_U_HDMI_OUT5_17 Pin=J3_U_HDMI_OUT5-17
Added Pin To Net: NetName=NetJ3_U_HDMI_OUT5_17 Pin=U1_U_HDMI_SWITCH5-31
Added Net: Name=NetJ3_U_HDMI_OUT5_17
Added Pin To Net: NetName=NetR1_U_HDMI_SWITCH1_1 Pin=U1_U_HDMI_SWITCH1-16
Added Net: Name=NetR1_U_HDMI_SWITCH1_1
Added Pin To Net: NetName=NetR1_U_HDMI_SWITCH2_1 Pin=U1_U_HDMI_SWITCH2-16
Added Net: Name=NetR1_U_HDMI_SWITCH2_1
Added Pin To Net: NetName=NetR1_U_HDMI_SWITCH3_1 Pin=U1_U_HDMI_SWITCH3-16
Added Net: Name=NetR1_U_HDMI_SWITCH3_1
Added Pin To Net: NetName=NetR1_U_HDMI_SWITCH4_1 Pin=U1_U_HDMI_SWITCH4-16
Added Net: Name=NetR1_U_HDMI_SWITCH4_1
Added Pin To Net: NetName=NetR1_U_HDMI_SWITCH5_1 Pin=U1_U_HDMI_SWITCH5-16
Added Net: Name=NetR1_U_HDMI_SWITCH5_1
Added Pin To Net: NetName=NetR2_U_HDMI_SWITCH1_2 Pin=U1_U_HDMI_SWITCH1-32
Added Net: Name=NetR2_U_HDMI_SWITCH1_2
Added Pin To Net: NetName=NetR2_U_HDMI_SWITCH2_2 Pin=U1_U_HDMI_SWITCH2-32
Added Net: Name=NetR2_U_HDMI_SWITCH2_2
Added Pin To Net: NetName=NetR2_U_HDMI_SWITCH3_2 Pin=U1_U_HDMI_SWITCH3-32
Added Net: Name=NetR2_U_HDMI_SWITCH3_2
Added Pin To Net: NetName=NetR2_U_HDMI_SWITCH4_2 Pin=U1_U_HDMI_SWITCH4-32
Added Net: Name=NetR2_U_HDMI_SWITCH4_2
Added Pin To Net: NetName=NetR2_U_HDMI_SWITCH5_2 Pin=U1_U_HDMI_SWITCH5-32
Added Net: Name=NetR2_U_HDMI_SWITCH5_2
Added Pin To Net: NetName=NetR3_U_HDMI_SWITCH1_2 Pin=R6-2
Added Pin To Net: NetName=NetR3_U_HDMI_SWITCH1_2 Pin=U1_U_HDMI_SWITCH1-33
Added Pin To Net: NetName=NetR3_U_HDMI_SWITCH1_2 Pin=U1_U_HDMI_SWITCH2-33
Added Pin To Net: NetName=NetR3_U_HDMI_SWITCH1_2 Pin=U1_U_HDMI_SWITCH3-33
Added Pin To Net: NetName=NetR3_U_HDMI_SWITCH1_2 Pin=U1_U_HDMI_SWITCH4-33
Added Pin To Net: NetName=NetR3_U_HDMI_SWITCH1_2 Pin=U1_U_HDMI_SWITCH5-33
Added Pin To Net: NetName=NetR3_U_HDMI_SWITCH1_2 Pin=U3_U_USB_SWITCH_A1-9
Added Pin To Net: NetName=NetR3_U_HDMI_SWITCH1_2 Pin=U3_U_USB_SWITCH_A2-9
Added Pin To Net: NetName=NetR3_U_HDMI_SWITCH1_2 Pin=U4_U_USB_SWITCH_B1-9
Added Pin To Net: NetName=NetR3_U_HDMI_SWITCH1_2 Pin=U4_U_USB_SWITCH_B2-9
Added Pin To Net: NetName=NetR3_U_HDMI_SWITCH1_2 Pin=U6-3
Added Net: Name=NetR3_U_HDMI_SWITCH1_2
Added Pin To Net: NetName=NetR4_U_USB_SWITCH_A1_2 Pin=U3_U_USB_SWITCH_A1-6
Added Net: Name=NetR4_U_USB_SWITCH_A1_2
Added Pin To Net: NetName=NetR4_U_USB_SWITCH_A2_2 Pin=U3_U_USB_SWITCH_A2-6
Added Net: Name=NetR4_U_USB_SWITCH_A2_2
Added Pin To Net: NetName=NetR5_U_USB_SWITCH_B1_2 Pin=U4_U_USB_SWITCH_B1-6
Added Net: Name=NetR5_U_USB_SWITCH_B1_2
Added Pin To Net: NetName=NetR5_U_USB_SWITCH_B2_2 Pin=U4_U_USB_SWITCH_B2-6
Added Net: Name=NetR5_U_USB_SWITCH_B2_2
Added Pin To Net: NetName=NetR7_1 Pin=R7-1
Added Pin To Net: NetName=NetR7_1 Pin=R8-1
Added Pin To Net: NetName=NetR7_1 Pin=U6-2
Added Pin To Net: NetName=NetR7_1 Pin=U6-6
Added Net: Name=NetR7_1
Added Pin To Net: NetName=USB_IN_A.D_U_USB_SWITCH_A1_N Pin=U3_U_USB_SWITCH_A1-7
Added Net: Name=USB_IN_A.D_U_USB_SWITCH_A1_N
Added Pin To Net: NetName=USB_IN_A.D_U_USB_SWITCH_A1_P Pin=U3_U_USB_SWITCH_A1-8
Added Net: Name=USB_IN_A.D_U_USB_SWITCH_A1_P
Added Pin To Net: NetName=USB_IN_A.D_U_USB_SWITCH_A2_N Pin=U3_U_USB_SWITCH_A2-7
Added Net: Name=USB_IN_A.D_U_USB_SWITCH_A2_N
Added Pin To Net: NetName=USB_IN_A.D_U_USB_SWITCH_A2_P Pin=U3_U_USB_SWITCH_A2-8
Added Net: Name=USB_IN_A.D_U_USB_SWITCH_A2_P
Added Pin To Net: NetName=USB_IN_A.RX_U_USB_SWITCH_A1_N Pin=U3_U_USB_SWITCH_A1-16
Added Net: Name=USB_IN_A.RX_U_USB_SWITCH_A1_N
Added Pin To Net: NetName=USB_IN_A.RX_U_USB_SWITCH_A1_P Pin=U3_U_USB_SWITCH_A1-15
Added Net: Name=USB_IN_A.RX_U_USB_SWITCH_A1_P
Added Pin To Net: NetName=USB_IN_A.RX_U_USB_SWITCH_A2_N Pin=U3_U_USB_SWITCH_A2-16
Added Net: Name=USB_IN_A.RX_U_USB_SWITCH_A2_N
Added Pin To Net: NetName=USB_IN_A.RX_U_USB_SWITCH_A2_P Pin=U3_U_USB_SWITCH_A2-15
Added Net: Name=USB_IN_A.RX_U_USB_SWITCH_A2_P
Added Pin To Net: NetName=USB_IN_A.TX_U_USB_SWITCH_A1_N Pin=U3_U_USB_SWITCH_A1-12
Added Net: Name=USB_IN_A.TX_U_USB_SWITCH_A1_N
Added Pin To Net: NetName=USB_IN_A.TX_U_USB_SWITCH_A1_P Pin=U3_U_USB_SWITCH_A1-11
Added Net: Name=USB_IN_A.TX_U_USB_SWITCH_A1_P
Added Pin To Net: NetName=USB_IN_A.TX_U_USB_SWITCH_A2_N Pin=U3_U_USB_SWITCH_A2-12
Added Net: Name=USB_IN_A.TX_U_USB_SWITCH_A2_N
Added Pin To Net: NetName=USB_IN_A.TX_U_USB_SWITCH_A2_P Pin=U3_U_USB_SWITCH_A2-11
Added Net: Name=USB_IN_A.TX_U_USB_SWITCH_A2_P
Added Pin To Net: NetName=USB_IN_B.D_U_USB_SWITCH_B1_N Pin=U4_U_USB_SWITCH_B1-7
Added Net: Name=USB_IN_B.D_U_USB_SWITCH_B1_N
Added Pin To Net: NetName=USB_IN_B.D_U_USB_SWITCH_B1_P Pin=U4_U_USB_SWITCH_B1-8
Added Net: Name=USB_IN_B.D_U_USB_SWITCH_B1_P
Added Pin To Net: NetName=USB_IN_B.D_U_USB_SWITCH_B2_N Pin=U4_U_USB_SWITCH_B2-7
Added Net: Name=USB_IN_B.D_U_USB_SWITCH_B2_N
Added Pin To Net: NetName=USB_IN_B.D_U_USB_SWITCH_B2_P Pin=U4_U_USB_SWITCH_B2-8
Added Net: Name=USB_IN_B.D_U_USB_SWITCH_B2_P
Added Pin To Net: NetName=USB_IN_B.RX_U_USB_SWITCH_B1_N Pin=U4_U_USB_SWITCH_B1-16
Added Net: Name=USB_IN_B.RX_U_USB_SWITCH_B1_N
Added Pin To Net: NetName=USB_IN_B.RX_U_USB_SWITCH_B1_P Pin=U4_U_USB_SWITCH_B1-15
Added Net: Name=USB_IN_B.RX_U_USB_SWITCH_B1_P
Added Pin To Net: NetName=USB_IN_B.RX_U_USB_SWITCH_B2_N Pin=U4_U_USB_SWITCH_B2-16
Added Net: Name=USB_IN_B.RX_U_USB_SWITCH_B2_N
Added Pin To Net: NetName=USB_IN_B.RX_U_USB_SWITCH_B2_P Pin=U4_U_USB_SWITCH_B2-15
Added Net: Name=USB_IN_B.RX_U_USB_SWITCH_B2_P
Added Pin To Net: NetName=USB_IN_B.TX_U_USB_SWITCH_B1_N Pin=U4_U_USB_SWITCH_B1-12
Added Net: Name=USB_IN_B.TX_U_USB_SWITCH_B1_N
Added Pin To Net: NetName=USB_IN_B.TX_U_USB_SWITCH_B1_P Pin=U4_U_USB_SWITCH_B1-11
Added Net: Name=USB_IN_B.TX_U_USB_SWITCH_B1_P
Added Pin To Net: NetName=USB_IN_B.TX_U_USB_SWITCH_B2_N Pin=U4_U_USB_SWITCH_B2-12
Added Net: Name=USB_IN_B.TX_U_USB_SWITCH_B2_N
Added Pin To Net: NetName=USB_IN_B.TX_U_USB_SWITCH_B2_P Pin=U4_U_USB_SWITCH_B2-11
Added Net: Name=USB_IN_B.TX_U_USB_SWITCH_B2_P
Added Pin To Net: NetName=USB_OUT_A_1.D_U_USB_SWITCH_A1_N Pin=U3_U_USB_SWITCH_A1-32
Added Net: Name=USB_OUT_A_1.D_U_USB_SWITCH_A1_N
Added Pin To Net: NetName=USB_OUT_A_1.D_U_USB_SWITCH_A1_P Pin=U3_U_USB_SWITCH_A1-31
Added Net: Name=USB_OUT_A_1.D_U_USB_SWITCH_A1_P
Added Pin To Net: NetName=USB_OUT_A_1.D_U_USB_SWITCH_A2_N Pin=U3_U_USB_SWITCH_A2-32
Added Net: Name=USB_OUT_A_1.D_U_USB_SWITCH_A2_N
Added Pin To Net: NetName=USB_OUT_A_1.D_U_USB_SWITCH_A2_P Pin=U3_U_USB_SWITCH_A2-31
Added Net: Name=USB_OUT_A_1.D_U_USB_SWITCH_A2_P
Added Pin To Net: NetName=USB_OUT_A_1.RX_U_USB_SWITCH_A1_N Pin=U3_U_USB_SWITCH_A1-26
Added Net: Name=USB_OUT_A_1.RX_U_USB_SWITCH_A1_N
Added Pin To Net: NetName=USB_OUT_A_1.RX_U_USB_SWITCH_A1_P Pin=U3_U_USB_SWITCH_A1-27
Added Net: Name=USB_OUT_A_1.RX_U_USB_SWITCH_A1_P
Added Pin To Net: NetName=USB_OUT_A_1.RX_U_USB_SWITCH_A2_N Pin=U3_U_USB_SWITCH_A2-26
Added Net: Name=USB_OUT_A_1.RX_U_USB_SWITCH_A2_N
Added Pin To Net: NetName=USB_OUT_A_1.RX_U_USB_SWITCH_A2_P Pin=U3_U_USB_SWITCH_A2-27
Added Net: Name=USB_OUT_A_1.RX_U_USB_SWITCH_A2_P
Added Pin To Net: NetName=USB_OUT_A_1.TX_U_USB_SWITCH_A1_N Pin=U3_U_USB_SWITCH_A1-28
Added Net: Name=USB_OUT_A_1.TX_U_USB_SWITCH_A1_N
Added Pin To Net: NetName=USB_OUT_A_1.TX_U_USB_SWITCH_A1_P Pin=U3_U_USB_SWITCH_A1-29
Added Net: Name=USB_OUT_A_1.TX_U_USB_SWITCH_A1_P
Added Pin To Net: NetName=USB_OUT_A_1.TX_U_USB_SWITCH_A2_N Pin=U3_U_USB_SWITCH_A2-28
Added Net: Name=USB_OUT_A_1.TX_U_USB_SWITCH_A2_N
Added Pin To Net: NetName=USB_OUT_A_1.TX_U_USB_SWITCH_A2_P Pin=U3_U_USB_SWITCH_A2-29
Added Net: Name=USB_OUT_A_1.TX_U_USB_SWITCH_A2_P
Added Pin To Net: NetName=USB_OUT_A_2.D_U_USB_SWITCH_A1_N Pin=U3_U_USB_SWITCH_A1-34
Added Net: Name=USB_OUT_A_2.D_U_USB_SWITCH_A1_N
Added Pin To Net: NetName=USB_OUT_A_2.D_U_USB_SWITCH_A1_P Pin=U3_U_USB_SWITCH_A1-33
Added Net: Name=USB_OUT_A_2.D_U_USB_SWITCH_A1_P
Added Pin To Net: NetName=USB_OUT_A_2.D_U_USB_SWITCH_A2_N Pin=U3_U_USB_SWITCH_A2-34
Added Net: Name=USB_OUT_A_2.D_U_USB_SWITCH_A2_N
Added Pin To Net: NetName=USB_OUT_A_2.D_U_USB_SWITCH_A2_P Pin=U3_U_USB_SWITCH_A2-33
Added Net: Name=USB_OUT_A_2.D_U_USB_SWITCH_A2_P
Added Pin To Net: NetName=USB_OUT_A_2.RX_U_USB_SWITCH_A1_N Pin=U3_U_USB_SWITCH_A1-22
Added Net: Name=USB_OUT_A_2.RX_U_USB_SWITCH_A1_N
Added Pin To Net: NetName=USB_OUT_A_2.RX_U_USB_SWITCH_A1_P Pin=U3_U_USB_SWITCH_A1-23
Added Net: Name=USB_OUT_A_2.RX_U_USB_SWITCH_A1_P
Added Pin To Net: NetName=USB_OUT_A_2.RX_U_USB_SWITCH_A2_N Pin=U3_U_USB_SWITCH_A2-22
Added Net: Name=USB_OUT_A_2.RX_U_USB_SWITCH_A2_N
Added Pin To Net: NetName=USB_OUT_A_2.RX_U_USB_SWITCH_A2_P Pin=U3_U_USB_SWITCH_A2-23
Added Net: Name=USB_OUT_A_2.RX_U_USB_SWITCH_A2_P
Added Pin To Net: NetName=USB_OUT_A_2.TX_U_USB_SWITCH_A1_N Pin=U3_U_USB_SWITCH_A1-24
Added Net: Name=USB_OUT_A_2.TX_U_USB_SWITCH_A1_N
Added Pin To Net: NetName=USB_OUT_A_2.TX_U_USB_SWITCH_A1_P Pin=U3_U_USB_SWITCH_A1-25
Added Net: Name=USB_OUT_A_2.TX_U_USB_SWITCH_A1_P
Added Pin To Net: NetName=USB_OUT_A_2.TX_U_USB_SWITCH_A2_N Pin=U3_U_USB_SWITCH_A2-24
Added Net: Name=USB_OUT_A_2.TX_U_USB_SWITCH_A2_N
Added Pin To Net: NetName=USB_OUT_A_2.TX_U_USB_SWITCH_A2_P Pin=U3_U_USB_SWITCH_A2-25
Added Net: Name=USB_OUT_A_2.TX_U_USB_SWITCH_A2_P
Added Pin To Net: NetName=USB_OUT_B_1.D_U_USB_SWITCH_B1_N Pin=U4_U_USB_SWITCH_B1-34
Added Net: Name=USB_OUT_B_1.D_U_USB_SWITCH_B1_N
Added Pin To Net: NetName=USB_OUT_B_1.D_U_USB_SWITCH_B1_P Pin=U4_U_USB_SWITCH_B1-33
Added Net: Name=USB_OUT_B_1.D_U_USB_SWITCH_B1_P
Added Pin To Net: NetName=USB_OUT_B_1.D_U_USB_SWITCH_B2_N Pin=U4_U_USB_SWITCH_B2-34
Added Net: Name=USB_OUT_B_1.D_U_USB_SWITCH_B2_N
Added Pin To Net: NetName=USB_OUT_B_1.D_U_USB_SWITCH_B2_P Pin=U4_U_USB_SWITCH_B2-33
Added Net: Name=USB_OUT_B_1.D_U_USB_SWITCH_B2_P
Added Pin To Net: NetName=USB_OUT_B_1.RX_U_USB_SWITCH_B1_N Pin=U4_U_USB_SWITCH_B1-22
Added Net: Name=USB_OUT_B_1.RX_U_USB_SWITCH_B1_N
Added Pin To Net: NetName=USB_OUT_B_1.RX_U_USB_SWITCH_B1_P Pin=U4_U_USB_SWITCH_B1-23
Added Net: Name=USB_OUT_B_1.RX_U_USB_SWITCH_B1_P
Added Pin To Net: NetName=USB_OUT_B_1.RX_U_USB_SWITCH_B2_N Pin=U4_U_USB_SWITCH_B2-22
Added Net: Name=USB_OUT_B_1.RX_U_USB_SWITCH_B2_N
Added Pin To Net: NetName=USB_OUT_B_1.RX_U_USB_SWITCH_B2_P Pin=U4_U_USB_SWITCH_B2-23
Added Net: Name=USB_OUT_B_1.RX_U_USB_SWITCH_B2_P
Added Pin To Net: NetName=USB_OUT_B_1.TX_U_USB_SWITCH_B1_N Pin=U4_U_USB_SWITCH_B1-24
Added Net: Name=USB_OUT_B_1.TX_U_USB_SWITCH_B1_N
Added Pin To Net: NetName=USB_OUT_B_1.TX_U_USB_SWITCH_B1_P Pin=U4_U_USB_SWITCH_B1-25
Added Net: Name=USB_OUT_B_1.TX_U_USB_SWITCH_B1_P
Added Pin To Net: NetName=USB_OUT_B_1.TX_U_USB_SWITCH_B2_N Pin=U4_U_USB_SWITCH_B2-24
Added Net: Name=USB_OUT_B_1.TX_U_USB_SWITCH_B2_N
Added Pin To Net: NetName=USB_OUT_B_1.TX_U_USB_SWITCH_B2_P Pin=U4_U_USB_SWITCH_B2-25
Added Net: Name=USB_OUT_B_1.TX_U_USB_SWITCH_B2_P
Added Pin To Net: NetName=USB_OUT_B_2.D_U_USB_SWITCH_B1_N Pin=U4_U_USB_SWITCH_B1-32
Added Net: Name=USB_OUT_B_2.D_U_USB_SWITCH_B1_N
Added Pin To Net: NetName=USB_OUT_B_2.D_U_USB_SWITCH_B1_P Pin=U4_U_USB_SWITCH_B1-31
Added Net: Name=USB_OUT_B_2.D_U_USB_SWITCH_B1_P
Added Pin To Net: NetName=USB_OUT_B_2.D_U_USB_SWITCH_B2_N Pin=U4_U_USB_SWITCH_B2-32
Added Net: Name=USB_OUT_B_2.D_U_USB_SWITCH_B2_N
Added Pin To Net: NetName=USB_OUT_B_2.D_U_USB_SWITCH_B2_P Pin=U4_U_USB_SWITCH_B2-31
Added Net: Name=USB_OUT_B_2.D_U_USB_SWITCH_B2_P
Added Pin To Net: NetName=USB_OUT_B_2.RX_U_USB_SWITCH_B1_N Pin=U4_U_USB_SWITCH_B1-26
Added Net: Name=USB_OUT_B_2.RX_U_USB_SWITCH_B1_N
Added Pin To Net: NetName=USB_OUT_B_2.RX_U_USB_SWITCH_B1_P Pin=U4_U_USB_SWITCH_B1-27
Added Net: Name=USB_OUT_B_2.RX_U_USB_SWITCH_B1_P
Added Pin To Net: NetName=USB_OUT_B_2.RX_U_USB_SWITCH_B2_N Pin=U4_U_USB_SWITCH_B2-26
Added Net: Name=USB_OUT_B_2.RX_U_USB_SWITCH_B2_N
Added Pin To Net: NetName=USB_OUT_B_2.RX_U_USB_SWITCH_B2_P Pin=U4_U_USB_SWITCH_B2-27
Added Net: Name=USB_OUT_B_2.RX_U_USB_SWITCH_B2_P
Added Pin To Net: NetName=USB_OUT_B_2.TX_U_USB_SWITCH_B1_N Pin=U4_U_USB_SWITCH_B1-28
Added Net: Name=USB_OUT_B_2.TX_U_USB_SWITCH_B1_N
Added Pin To Net: NetName=USB_OUT_B_2.TX_U_USB_SWITCH_B1_P Pin=U4_U_USB_SWITCH_B1-29
Added Net: Name=USB_OUT_B_2.TX_U_USB_SWITCH_B1_P
Added Pin To Net: NetName=USB_OUT_B_2.TX_U_USB_SWITCH_B2_N Pin=U4_U_USB_SWITCH_B2-28
Added Net: Name=USB_OUT_B_2.TX_U_USB_SWITCH_B2_N
Added Pin To Net: NetName=USB_OUT_B_2.TX_U_USB_SWITCH_B2_P Pin=U4_U_USB_SWITCH_B2-29
Added Net: Name=USB_OUT_B_2.TX_U_USB_SWITCH_B2_P
Added Class: Name=U_HDMI_IN1
Added Class: Name=U_HDMI_IN2
Added Class: Name=U_HDMI_IN3
Added Class: Name=U_HDMI_IN4
Added Class: Name=U_HDMI_IN5
Added Class: Name=U_HDMI_OUT1
Added Class: Name=U_HDMI_OUT2
Added Class: Name=U_HDMI_OUT3
Added Class: Name=U_HDMI_OUT4
Added Class: Name=U_HDMI_OUT5
Added Class: Name=U_HDMI_SWITCH1
Added Class: Name=U_HDMI_SWITCH2
Added Class: Name=U_HDMI_SWITCH3
Added Class: Name=U_HDMI_SWITCH4
Added Class: Name=U_HDMI_SWITCH5
Added Class: Name=U_POWER
Added Class: Name=U_SWITCH
Added Class: Name=U_USB_IN1
Added Class: Name=U_USB_IN2
Added Class: Name=U_USB_OUT_A1
Added Class: Name=U_USB_OUT_A2
Added Class: Name=U_USB_OUT_B1
Added Class: Name=U_USB_OUT_B2
Added Class: Name=U_USB_SWITCH_A1
Added Class: Name=U_USB_SWITCH_A2
Added Class: Name=U_USB_SWITCH_B1
Added Class: Name=U_USB_SWITCH_B2
Added Differential Pair: Name=HDMI_A.CLK_U_HDMI_SWITCH1
Added Differential Pair: Name=HDMI_A.CLK_U_HDMI_SWITCH2
Added Differential Pair: Name=HDMI_A.CLK_U_HDMI_SWITCH3
Added Differential Pair: Name=HDMI_A.CLK_U_HDMI_SWITCH4
Added Differential Pair: Name=HDMI_A.CLK_U_HDMI_SWITCH5
Added Differential Pair: Name=HDMI_A.D0_U_HDMI_SWITCH1
Added Differential Pair: Name=HDMI_A.D0_U_HDMI_SWITCH2
Added Differential Pair: Name=HDMI_A.D0_U_HDMI_SWITCH3
Added Differential Pair: Name=HDMI_A.D0_U_HDMI_SWITCH4
Added Differential Pair: Name=HDMI_A.D0_U_HDMI_SWITCH5
Added Differential Pair: Name=HDMI_A.D1_U_HDMI_SWITCH1
Added Differential Pair: Name=HDMI_A.D1_U_HDMI_SWITCH2
Added Differential Pair: Name=HDMI_A.D1_U_HDMI_SWITCH3
Added Differential Pair: Name=HDMI_A.D1_U_HDMI_SWITCH4
Added Differential Pair: Name=HDMI_A.D1_U_HDMI_SWITCH5
Added Differential Pair: Name=HDMI_A.D2_U_HDMI_SWITCH1
Added Differential Pair: Name=HDMI_A.D2_U_HDMI_SWITCH2
Added Differential Pair: Name=HDMI_A.D2_U_HDMI_SWITCH3
Added Differential Pair: Name=HDMI_A.D2_U_HDMI_SWITCH4
Added Differential Pair: Name=HDMI_A.D2_U_HDMI_SWITCH5
Added Differential Pair: Name=HDMI_B.CLK_U_HDMI_SWITCH1
Added Differential Pair: Name=HDMI_B.CLK_U_HDMI_SWITCH2
Added Differential Pair: Name=HDMI_B.CLK_U_HDMI_SWITCH3
Added Differential Pair: Name=HDMI_B.CLK_U_HDMI_SWITCH4
Added Differential Pair: Name=HDMI_B.CLK_U_HDMI_SWITCH5
Added Differential Pair: Name=HDMI_B.D0_U_HDMI_SWITCH1
Added Differential Pair: Name=HDMI_B.D0_U_HDMI_SWITCH2
Added Differential Pair: Name=HDMI_B.D0_U_HDMI_SWITCH3
Added Differential Pair: Name=HDMI_B.D0_U_HDMI_SWITCH4
Added Differential Pair: Name=HDMI_B.D0_U_HDMI_SWITCH5
Added Differential Pair: Name=HDMI_B.D1_U_HDMI_SWITCH1
Added Differential Pair: Name=HDMI_B.D1_U_HDMI_SWITCH2
Added Differential Pair: Name=HDMI_B.D1_U_HDMI_SWITCH3
Added Differential Pair: Name=HDMI_B.D1_U_HDMI_SWITCH4
Added Differential Pair: Name=HDMI_B.D1_U_HDMI_SWITCH5
Added Differential Pair: Name=HDMI_B.D2_U_HDMI_SWITCH1
Added Differential Pair: Name=HDMI_B.D2_U_HDMI_SWITCH2
Added Differential Pair: Name=HDMI_B.D2_U_HDMI_SWITCH3
Added Differential Pair: Name=HDMI_B.D2_U_HDMI_SWITCH4
Added Differential Pair: Name=HDMI_B.D2_U_HDMI_SWITCH5
Added Differential Pair: Name=HDMI_OUT.CLK_U_HDMI_SWITCH1
Added Differential Pair: Name=HDMI_OUT.CLK_U_HDMI_SWITCH2
Added Differential Pair: Name=HDMI_OUT.CLK_U_HDMI_SWITCH3
Added Differential Pair: Name=HDMI_OUT.CLK_U_HDMI_SWITCH4
Added Differential Pair: Name=HDMI_OUT.CLK_U_HDMI_SWITCH5
Added Differential Pair: Name=HDMI_OUT.D0_U_HDMI_SWITCH1
Added Differential Pair: Name=HDMI_OUT.D0_U_HDMI_SWITCH2
Added Differential Pair: Name=HDMI_OUT.D0_U_HDMI_SWITCH3
Added Differential Pair: Name=HDMI_OUT.D0_U_HDMI_SWITCH4
Added Differential Pair: Name=HDMI_OUT.D0_U_HDMI_SWITCH5
Added Differential Pair: Name=HDMI_OUT.D1_U_HDMI_SWITCH1
Added Differential Pair: Name=HDMI_OUT.D1_U_HDMI_SWITCH2
Added Differential Pair: Name=HDMI_OUT.D1_U_HDMI_SWITCH3
Added Differential Pair: Name=HDMI_OUT.D1_U_HDMI_SWITCH4
Added Differential Pair: Name=HDMI_OUT.D1_U_HDMI_SWITCH5
Added Differential Pair: Name=HDMI_OUT.D2_U_HDMI_SWITCH1
Added Differential Pair: Name=HDMI_OUT.D2_U_HDMI_SWITCH2
Added Differential Pair: Name=HDMI_OUT.D2_U_HDMI_SWITCH3
Added Differential Pair: Name=HDMI_OUT.D2_U_HDMI_SWITCH4
Added Differential Pair: Name=HDMI_OUT.D2_U_HDMI_SWITCH5
Added Differential Pair: Name=USB_IN_A.D_U_USB_SWITCH_A1
Added Differential Pair: Name=USB_IN_A.D_U_USB_SWITCH_A2
Added Differential Pair: Name=USB_IN_A.RX_U_USB_SWITCH_A1
Added Differential Pair: Name=USB_IN_A.RX_U_USB_SWITCH_A2
Added Differential Pair: Name=USB_IN_A.TX_U_USB_SWITCH_A1
Added Differential Pair: Name=USB_IN_A.TX_U_USB_SWITCH_A2
Added Differential Pair: Name=USB_IN_B.D_U_USB_SWITCH_B1
Added Differential Pair: Name=USB_IN_B.D_U_USB_SWITCH_B2
Added Differential Pair: Name=USB_IN_B.RX_U_USB_SWITCH_B1
Added Differential Pair: Name=USB_IN_B.RX_U_USB_SWITCH_B2
Added Differential Pair: Name=USB_IN_B.TX_U_USB_SWITCH_B1
Added Differential Pair: Name=USB_IN_B.TX_U_USB_SWITCH_B2
Added Differential Pair: Name=USB_OUT_A_1.D_U_USB_SWITCH_A1
Added Differential Pair: Name=USB_OUT_A_1.D_U_USB_SWITCH_A2
Added Differential Pair: Name=USB_OUT_A_1.RX_U_USB_SWITCH_A1
Added Differential Pair: Name=USB_OUT_A_1.RX_U_USB_SWITCH_A2
Added Differential Pair: Name=USB_OUT_A_1.TX_U_USB_SWITCH_A1
Added Differential Pair: Name=USB_OUT_A_1.TX_U_USB_SWITCH_A2
Added Differential Pair: Name=USB_OUT_A_2.D_U_USB_SWITCH_A1
Added Differential Pair: Name=USB_OUT_A_2.D_U_USB_SWITCH_A2
Added Differential Pair: Name=USB_OUT_A_2.RX_U_USB_SWITCH_A1
Added Differential Pair: Name=USB_OUT_A_2.RX_U_USB_SWITCH_A2
Added Differential Pair: Name=USB_OUT_A_2.TX_U_USB_SWITCH_A1
Added Differential Pair: Name=USB_OUT_A_2.TX_U_USB_SWITCH_A2
Added Differential Pair: Name=USB_OUT_B_1.D_U_USB_SWITCH_B1
Added Differential Pair: Name=USB_OUT_B_1.D_U_USB_SWITCH_B2
Added Differential Pair: Name=USB_OUT_B_1.RX_U_USB_SWITCH_B1
Added Differential Pair: Name=USB_OUT_B_1.RX_U_USB_SWITCH_B2
Added Differential Pair: Name=USB_OUT_B_1.TX_U_USB_SWITCH_B1
Added Differential Pair: Name=USB_OUT_B_1.TX_U_USB_SWITCH_B2
Added Differential Pair: Name=USB_OUT_B_2.D_U_USB_SWITCH_B1
Added Differential Pair: Name=USB_OUT_B_2.D_U_USB_SWITCH_B2
Added Differential Pair: Name=USB_OUT_B_2.RX_U_USB_SWITCH_B1
Added Differential Pair: Name=USB_OUT_B_2.RX_U_USB_SWITCH_B2
Added Differential Pair: Name=USB_OUT_B_2.TX_U_USB_SWITCH_B1
Added Differential Pair: Name=USB_OUT_B_2.TX_U_USB_SWITCH_B2
Added Class: Name=HDMI
Added Class: Name=HDMI_IN
Added Class: Name=HDMI_OUT
Added Class: Name=HDMI_SWITCH
Added Class: Name=USB
Added Class: Name=USB_IN
Added Class: Name=USB_OUT_A
Added Class: Name=USB_OUT_B
Added Class: Name=USB_SWITCH_A
Added Class: Name=USB_SWITCH_B
Added Room: Name=U_HDMI_IN1
Added Room: Name=U_HDMI_IN2
Added Room: Name=U_HDMI_IN3
Added Room: Name=U_HDMI_IN4
Added Room: Name=U_HDMI_IN5
Added Room: Name=U_HDMI_OUT1
Added Room: Name=U_HDMI_OUT2
Added Room: Name=U_HDMI_OUT3
Added Room: Name=U_HDMI_OUT4
Added Room: Name=U_HDMI_OUT5
Added Room: Name=U_HDMI_SWITCH1
Added Room: Name=U_HDMI_SWITCH2
Added Room: Name=U_HDMI_SWITCH3
Added Room: Name=U_HDMI_SWITCH4
Added Room: Name=U_HDMI_SWITCH5
Added Room: Name=U_POWER
Added Room: Name=U_SWITCH
Added Room: Name=U_USB_IN1
Added Room: Name=U_USB_IN2
Added Room: Name=U_USB_OUT_A1
Added Room: Name=U_USB_OUT_A2
Added Room: Name=U_USB_OUT_B1
Added Room: Name=U_USB_OUT_B2
Added Room: Name=U_USB_SWITCH_A1
Added Room: Name=U_USB_SWITCH_A2
Added Room: Name=U_USB_SWITCH_B1
Added Room: Name=U_USB_SWITCH_B2
