Removed Pin From Net: NetName=GND Pin=J4_U_USB_IN1-4
Removed Pin From Net: NetName=GND Pin=J4_U_USB_IN1-7
Removed Pin From Net: NetName=GND Pin=J4_U_USB_IN1-13
Removed Pin From Net: NetName=GND Pin=J4_U_USB_IN1-16
Removed Pin From Net: NetName=GND Pin=J4_U_USB_IN2-4
Removed Pin From Net: NetName=GND Pin=J4_U_USB_IN2-7
Removed Pin From Net: NetName=GND Pin=J4_U_USB_IN2-13
Removed Pin From Net: NetName=GND Pin=J4_U_USB_IN2-16
Removed Pin From Net: NetName=GND Pin=J6_U_USB_OUT_A1-4
Removed Pin From Net: NetName=GND Pin=J6_U_USB_OUT_A1-7
Removed Pin From Net: NetName=GND Pin=J6_U_USB_OUT_A1-13
Removed Pin From Net: NetName=GND Pin=J6_U_USB_OUT_A1-16
Removed Pin From Net: NetName=GND Pin=J6_U_USB_OUT_A2-4
Removed Pin From Net: NetName=GND Pin=J6_U_USB_OUT_A2-7
Removed Pin From Net: NetName=GND Pin=J6_U_USB_OUT_A2-13
Removed Pin From Net: NetName=GND Pin=J6_U_USB_OUT_A2-16
Removed Pin From Net: NetName=GND Pin=J7_U_USB_OUT_B1-4
Removed Pin From Net: NetName=GND Pin=J7_U_USB_OUT_B1-7
Removed Pin From Net: NetName=GND Pin=J7_U_USB_OUT_B1-13
Removed Pin From Net: NetName=GND Pin=J7_U_USB_OUT_B1-16
Removed Pin From Net: NetName=GND Pin=J7_U_USB_OUT_B2-4
Removed Pin From Net: NetName=GND Pin=J7_U_USB_OUT_B2-7
Removed Pin From Net: NetName=GND Pin=J7_U_USB_OUT_B2-13
Removed Pin From Net: NetName=GND Pin=J7_U_USB_OUT_B2-16
Removed Pin From Net: NetName=GND Pin=R4_U_USB_SWITCH_A1-1
Removed Pin From Net: NetName=GND Pin=R4_U_USB_SWITCH_A2-1
Removed Pin From Net: NetName=GND Pin=R5_U_USB_SWITCH_B1-1
Removed Pin From Net: NetName=GND Pin=R5_U_USB_SWITCH_B2-1
Removed Pin From Net: NetName=GND Pin=R9_U_USB_SWITCH_A1-1
Removed Pin From Net: NetName=NetR3_U_HDMI_SWITCH1_2 Pin=R9_U_USB_SWITCH_A1-2
Removed Pin From Net: NetName=GND Pin=R9_U_USB_SWITCH_A2-1
Removed Pin From Net: NetName=NetR3_U_HDMI_SWITCH1_2 Pin=R9_U_USB_SWITCH_A2-2
Removed Pin From Net: NetName=GND Pin=R10_U_USB_SWITCH_B1-1
Removed Pin From Net: NetName=NetR3_U_HDMI_SWITCH1_2 Pin=R10_U_USB_SWITCH_B1-2
Removed Pin From Net: NetName=GND Pin=R10_U_USB_SWITCH_B2-1
Removed Pin From Net: NetName=NetR3_U_HDMI_SWITCH1_2 Pin=R10_U_USB_SWITCH_B2-2
Removed Pin From Net: NetName=NetR3_U_HDMI_SWITCH1_2 Pin=U2_U_USB_SWITCH_A1-9
Removed Pin From Net: NetName=GND Pin=U2_U_USB_SWITCH_A1-10
Removed Pin From Net: NetName=3V3 Pin=U2_U_USB_SWITCH_A1-13
Removed Pin From Net: NetName=GND Pin=U2_U_USB_SWITCH_A1-14
Removed Pin From Net: NetName=GND Pin=U2_U_USB_SWITCH_A1-17
Removed Pin From Net: NetName=GND Pin=U2_U_USB_SWITCH_A1-19
Removed Pin From Net: NetName=3V3 Pin=U2_U_USB_SWITCH_A1-20
Removed Pin From Net: NetName=GND Pin=U2_U_USB_SWITCH_A1-21
Removed Pin From Net: NetName=3V3 Pin=U2_U_USB_SWITCH_A1-30
Removed Pin From Net: NetName=NetR3_U_HDMI_SWITCH1_2 Pin=U2_U_USB_SWITCH_A2-9
Removed Pin From Net: NetName=GND Pin=U2_U_USB_SWITCH_A2-10
Removed Pin From Net: NetName=3V3 Pin=U2_U_USB_SWITCH_A2-13
Removed Pin From Net: NetName=GND Pin=U2_U_USB_SWITCH_A2-14
Removed Pin From Net: NetName=GND Pin=U2_U_USB_SWITCH_A2-17
Removed Pin From Net: NetName=GND Pin=U2_U_USB_SWITCH_A2-19
Removed Pin From Net: NetName=3V3 Pin=U2_U_USB_SWITCH_A2-20
Removed Pin From Net: NetName=GND Pin=U2_U_USB_SWITCH_A2-21
Removed Pin From Net: NetName=3V3 Pin=U2_U_USB_SWITCH_A2-30
Removed Pin From Net: NetName=NetR3_U_HDMI_SWITCH1_2 Pin=U3_U_USB_SWITCH_B1-9
Removed Pin From Net: NetName=GND Pin=U3_U_USB_SWITCH_B1-10
Removed Pin From Net: NetName=3V3 Pin=U3_U_USB_SWITCH_B1-13
Removed Pin From Net: NetName=GND Pin=U3_U_USB_SWITCH_B1-14
Removed Pin From Net: NetName=GND Pin=U3_U_USB_SWITCH_B1-17
Removed Pin From Net: NetName=GND Pin=U3_U_USB_SWITCH_B1-19
Removed Pin From Net: NetName=3V3 Pin=U3_U_USB_SWITCH_B1-20
Removed Pin From Net: NetName=GND Pin=U3_U_USB_SWITCH_B1-21
Removed Pin From Net: NetName=3V3 Pin=U3_U_USB_SWITCH_B1-30
Removed Pin From Net: NetName=NetR3_U_HDMI_SWITCH1_2 Pin=U3_U_USB_SWITCH_B2-9
Removed Pin From Net: NetName=GND Pin=U3_U_USB_SWITCH_B2-10
Removed Pin From Net: NetName=3V3 Pin=U3_U_USB_SWITCH_B2-13
Removed Pin From Net: NetName=GND Pin=U3_U_USB_SWITCH_B2-14
Removed Pin From Net: NetName=GND Pin=U3_U_USB_SWITCH_B2-17
Removed Pin From Net: NetName=GND Pin=U3_U_USB_SWITCH_B2-19
Removed Pin From Net: NetName=3V3 Pin=U3_U_USB_SWITCH_B2-20
Removed Pin From Net: NetName=GND Pin=U3_U_USB_SWITCH_B2-21
Removed Pin From Net: NetName=3V3 Pin=U3_U_USB_SWITCH_B2-30
Remove Class Member: Failed to remove class member
Added Pin To Net: NetName=GND Pin=J1_U_HDMI_IN1-17
Added Pin To Net: NetName=GND Pin=J1_U_HDMI_IN2-17
Added Pin To Net: NetName=GND Pin=J1_U_HDMI_IN3-17
Added Pin To Net: NetName=GND Pin=J1_U_HDMI_IN4-17
Added Pin To Net: NetName=GND Pin=J2_U_HDMI_IN1-17
Added Pin To Net: NetName=GND Pin=J2_U_HDMI_IN2-17
Added Pin To Net: NetName=GND Pin=J2_U_HDMI_IN3-17
Added Pin To Net: NetName=GND Pin=J2_U_HDMI_IN4-17
Added Pin To Net: NetName=GND Pin=J3_U_HDMI_OUT1-17
Added Pin To Net: NetName=GND Pin=J3_U_HDMI_OUT2-17
Added Pin To Net: NetName=GND Pin=J3_U_HDMI_OUT3-17
Added Pin To Net: NetName=GND Pin=J3_U_HDMI_OUT4-17
