Change component parameters: Designator = "R6" ("R6"); Footprint = "FP-RK73H1J-IPC_C"; UniqueID = "\WWZHNHDS\FBCJKTRM" ("\WWZHNHDS\FBCJKTRM")
Change component parameters (AddParameter): Name = "Case Code (Imperial)"; Value = "0603"; VariantName = "[No Variations]"
Change component parameters (AddParameter): Name = "Case Code (Metric)"; Value = "1608"; VariantName = "[No Variations]"
Change component parameters (AddParameter): Name = "Case/Package"; Value = "0603"; VariantName = "[No Variations]"
Change component parameters (AddParameter): Name = "Height"; Value = "0.45mm"; VariantName = "[No Variations]"
Change component parameters (AddParameter): Name = "Lead Free"; Value = "Contains Lead"; VariantName = "[No Variations]"
Change component parameters (AddParameter): Name = "Length"; Value = "1.6mm"; VariantName = "[No Variations]"
Change component parameters (AddParameter): Name = "Max Operating Temperature"; Value = "155°C"; VariantName = "[No Variations]"
Change component parameters (AddParameter): Name = "Min Operating Temperature"; Value = "-55°C"; VariantName = "[No Variations]"
Change component parameters (AddParameter): Name = "Package Quantity"; Value = "5000"; VariantName = "[No Variations]"
Change component parameters (AddParameter): Name = "Packaging"; Value = "Tape and Reel"; VariantName = "[No Variations]"
Change component parameters (AddParameter): Name = "Power Rating"; Value = "100mW"; VariantName = "[No Variations]"
Change component parameters (AddParameter): Name = "Resistance"; Value = "100kR"; VariantName = "[No Variations]"
Change component parameters (AddParameter): Name = "Series"; Value = "RK73H"; VariantName = "[No Variations]"
Change component parameters (AddParameter): Name = "Temperature Coefficient"; Value = "100ppm/°C"; VariantName = "[No Variations]"
Change component parameters (AddParameter): Name = "Termination"; Value = "SMD/SMT"; VariantName = "[No Variations]"
Change component parameters (AddParameter): Name = "Tolerance"; Value = "1%"; VariantName = "[No Variations]"
Change component parameters (AddParameter): Name = "Voltage Rating"; Value = "50V"; VariantName = "[No Variations]"
Change component parameters (AddParameter): Name = "Width"; Value = "0.8mm"; VariantName = "[No Variations]"
Change component parameters: Designator = "R7" ("R7"); Footprint = "FP-MC01W0805-IPC_C"; UniqueID = "\WWZHNHDS\XMVPYIIE" ("\WWZHNHDS\XMVPYIIE")
Change component parameters (AddParameter): Name = "Case Code (Imperial)"; Value = "0805"; VariantName = "[No Variations]"
Change component parameters (AddParameter): Name = "Case Code (Metric)"; Value = "2012"; VariantName = "[No Variations]"
Change component parameters (AddParameter): Name = "Case/Package"; Value = "0805"; VariantName = "[No Variations]"
Change component parameters (AddParameter): Name = "Composition"; Value = "Thick Film"; VariantName = "[No Variations]"
Change component parameters (AddParameter): Name = "Max Operating Temperature"; Value = "155°C"; VariantName = "[No Variations]"
Change component parameters (AddParameter): Name = "Min Operating Temperature"; Value = "-55°C"; VariantName = "[No Variations]"
Change component parameters (AddParameter): Name = "Number of Pins"; Value = "2"; VariantName = "[No Variations]"
Change component parameters (AddParameter): Name = "Packaging"; Value = "Cut Tape"; VariantName = "[No Variations]"
Change component parameters (AddParameter): Name = "Power Rating"; Value = "100mW"; VariantName = "[No Variations]"
Change component parameters (AddParameter): Name = "REACH SVHC"; Value = "No SVHC"; VariantName = "[No Variations]"
Change component parameters (AddParameter): Name = "Resistance"; Value = "10kR"; VariantName = "[No Variations]"
Change component parameters (AddParameter): Name = "Temperature Coefficient"; Value = "100ppm/°C"; VariantName = "[No Variations]"
Change component parameters (AddParameter): Name = "Tolerance"; Value = "1%"; VariantName = "[No Variations]"
Change component parameters (AddParameter): Name = "Voltage Rating"; Value = "150V"; VariantName = "[No Variations]"
Change component parameters (AddParameter): Name = "Voltage Rating (DC)"; Value = "150V"; VariantName = "[No Variations]"
Change component parameters (AddParameter): Name = "Width"; Value = "1.25mm"; VariantName = "[No Variations]"
Change component parameters: Designator = "R8" ("R8"); Footprint = "FP-MC01W0805-IPC_C"; UniqueID = "\WWZHNHDS\GHZUPWTK" ("\WWZHNHDS\GHZUPWTK")
Change component parameters (AddParameter): Name = "Case Code (Imperial)"; Value = "0805"; VariantName = "[No Variations]"
Change component parameters (AddParameter): Name = "Case Code (Metric)"; Value = "2012"; VariantName = "[No Variations]"
Change component parameters (AddParameter): Name = "Case/Package"; Value = "0805"; VariantName = "[No Variations]"
Change component parameters (AddParameter): Name = "Composition"; Value = "Thick Film"; VariantName = "[No Variations]"
Change component parameters (AddParameter): Name = "Max Operating Temperature"; Value = "155°C"; VariantName = "[No Variations]"
Change component parameters (AddParameter): Name = "Min Operating Temperature"; Value = "-55°C"; VariantName = "[No Variations]"
Change component parameters (AddParameter): Name = "Number of Pins"; Value = "2"; VariantName = "[No Variations]"
Change component parameters (AddParameter): Name = "Packaging"; Value = "Cut Tape"; VariantName = "[No Variations]"
Change component parameters (AddParameter): Name = "Power Rating"; Value = "100mW"; VariantName = "[No Variations]"
Change component parameters (AddParameter): Name = "REACH SVHC"; Value = "No SVHC"; VariantName = "[No Variations]"
Change component parameters (AddParameter): Name = "Resistance"; Value = "10kR"; VariantName = "[No Variations]"
Change component parameters (AddParameter): Name = "Temperature Coefficient"; Value = "100ppm/°C"; VariantName = "[No Variations]"
Change component parameters (AddParameter): Name = "Tolerance"; Value = "1%"; VariantName = "[No Variations]"
Change component parameters (AddParameter): Name = "Voltage Rating"; Value = "150V"; VariantName = "[No Variations]"
Change component parameters (AddParameter): Name = "Voltage Rating (DC)"; Value = "150V"; VariantName = "[No Variations]"
Change component parameters (AddParameter): Name = "Width"; Value = "1.25mm"; VariantName = "[No Variations]"
Add Component: Footprint Not Found MOLEX_48406-0003
Add Component: Footprint Not Found MOLEX_48406-0003
Add Component: Footprint Not Found MOLEX_48406-0003
Add Component: Footprint Not Found MOLEX_48406-0003
Add Component: Footprint Not Found MOLEX_48406-0003
Add Component: Footprint Not Found MOLEX_48406-0003
Added Component: Designator=R1_U_HDMI_SWITCH1(FP-RT0402-MFG)
Add component (AddParameter): Name = "Value"; Value = "4.02K"; VariantName = "[No Variations]"
Added Component: Designator=R1_U_HDMI_SWITCH2(FP-RT0402-MFG)
Add component (AddParameter): Name = "Value"; Value = "4.02K"; VariantName = "[No Variations]"
Added Component: Designator=R1_U_HDMI_SWITCH3(FP-RT0402-MFG)
Add component (AddParameter): Name = "Value"; Value = "4.02K"; VariantName = "[No Variations]"
Added Component: Designator=R1_U_HDMI_SWITCH4(FP-RT0402-MFG)
Add component (AddParameter): Name = "Value"; Value = "4.02K"; VariantName = "[No Variations]"
Added Component: Designator=R1_U_HDMI_SWITCH5(FP-RT0402-MFG)
Add component (AddParameter): Name = "Value"; Value = "4.02K"; VariantName = "[No Variations]"
Added Component: Designator=R2_U_HDMI_SWITCH1(FP-RT0402-MFG)
Add component (AddParameter): Name = "Value"; Value = "4.02K"; VariantName = "[No Variations]"
Added Component: Designator=R2_U_HDMI_SWITCH2(FP-RT0402-MFG)
Add component (AddParameter): Name = "Value"; Value = "4.02K"; VariantName = "[No Variations]"
Added Component: Designator=R2_U_HDMI_SWITCH3(FP-RT0402-MFG)
Add component (AddParameter): Name = "Value"; Value = "4.02K"; VariantName = "[No Variations]"
Added Component: Designator=R2_U_HDMI_SWITCH4(FP-RT0402-MFG)
Add component (AddParameter): Name = "Value"; Value = "4.02K"; VariantName = "[No Variations]"
Added Component: Designator=R2_U_HDMI_SWITCH5(FP-RT0402-MFG)
Add component (AddParameter): Name = "Value"; Value = "4.02K"; VariantName = "[No Variations]"
Added Component: Designator=R3_U_HDMI_SWITCH1(FP-RT0402-MFG)
Add component (AddParameter): Name = "Value"; Value = "4.02K"; VariantName = "[No Variations]"
Added Component: Designator=R3_U_HDMI_SWITCH2(FP-RT0402-MFG)
Add component (AddParameter): Name = "Value"; Value = "4.02K"; VariantName = "[No Variations]"
Added Component: Designator=R3_U_HDMI_SWITCH3(FP-RT0402-MFG)
Add component (AddParameter): Name = "Value"; Value = "4.02K"; VariantName = "[No Variations]"
Added Component: Designator=R3_U_HDMI_SWITCH4(FP-RT0402-MFG)
Add component (AddParameter): Name = "Value"; Value = "4.02K"; VariantName = "[No Variations]"
Added Component: Designator=R3_U_HDMI_SWITCH5(FP-RT0402-MFG)
Add component (AddParameter): Name = "Value"; Value = "4.02K"; VariantName = "[No Variations]"
Added Component: Designator=R4_U_USB_SWITCH_A1(FP-RT0402-MFG)
Add component (AddParameter): Name = "Value"; Value = "4.02K"; VariantName = "[No Variations]"
Added Component: Designator=R4_U_USB_SWITCH_A2(FP-RT0402-MFG)
Add component (AddParameter): Name = "Value"; Value = "4.02K"; VariantName = "[No Variations]"
Added Component: Designator=R5_U_USB_SWITCH_B1(FP-RT0402-MFG)
Add component (AddParameter): Name = "Value"; Value = "4.02K"; VariantName = "[No Variations]"
Added Component: Designator=R5_U_USB_SWITCH_B2(FP-RT0402-MFG)
Add component (AddParameter): Name = "Value"; Value = "4.02K"; VariantName = "[No Variations]"
Added Pin To Net: NetName=GND Pin=J1_U_HDMI_IN1-17
Added Pin To Net: NetName=GND Pin=J1_U_HDMI_IN2-17
Added Pin To Net: NetName=GND Pin=J1_U_HDMI_IN3-17
Added Pin To Net: NetName=GND Pin=J1_U_HDMI_IN4-17
Added Pin To Net: NetName=GND Pin=J1_U_HDMI_IN5-17
Added Pin To Net: NetName=GND Pin=J2_U_HDMI_IN1-17
Added Pin To Net: NetName=GND Pin=J2_U_HDMI_IN2-17
Added Pin To Net: NetName=GND Pin=J2_U_HDMI_IN3-17
Added Pin To Net: NetName=GND Pin=J2_U_HDMI_IN4-17
Added Pin To Net: NetName=GND Pin=J2_U_HDMI_IN5-17
Added Pin To Net: NetName=GND Pin=J3_U_HDMI_OUT1-17
Added Pin To Net: NetName=GND Pin=J3_U_HDMI_OUT2-17
Added Pin To Net: NetName=GND Pin=J3_U_HDMI_OUT3-17
Added Pin To Net: NetName=GND Pin=J3_U_HDMI_OUT4-17
Added Pin To Net: NetName=GND Pin=J3_U_HDMI_OUT5-17
Add Pin To Net: Unknown Pin: Pin J4_U_USB_IN1-2
Add Pin To Net: Unknown Pin: Pin J4_U_USB_IN1-3
Add Pin To Net: Unknown Pin: Pin J4_U_USB_IN1-4
Add Pin To Net: Unknown Pin: Pin J4_U_USB_IN1-5
Add Pin To Net: Unknown Pin: Pin J4_U_USB_IN1-6
Add Pin To Net: Unknown Pin: Pin J4_U_USB_IN1-7
Add Pin To Net: Unknown Pin: Pin J4_U_USB_IN1-8
Add Pin To Net: Unknown Pin: Pin J4_U_USB_IN1-9
Add Pin To Net: Unknown Pin: Pin J4_U_USB_IN1-11
Add Pin To Net: Unknown Pin: Pin J4_U_USB_IN1-12
Add Pin To Net: Unknown Pin: Pin J4_U_USB_IN1-13
Add Pin To Net: Unknown Pin: Pin J4_U_USB_IN1-14
Add Pin To Net: Unknown Pin: Pin J4_U_USB_IN1-15
Add Pin To Net: Unknown Pin: Pin J4_U_USB_IN1-16
Add Pin To Net: Unknown Pin: Pin J4_U_USB_IN1-17
Add Pin To Net: Unknown Pin: Pin J4_U_USB_IN1-18
Add Pin To Net: Unknown Pin: Pin J4_U_USB_IN2-2
Add Pin To Net: Unknown Pin: Pin J4_U_USB_IN2-3
Add Pin To Net: Unknown Pin: Pin J4_U_USB_IN2-4
Add Pin To Net: Unknown Pin: Pin J4_U_USB_IN2-5
Add Pin To Net: Unknown Pin: Pin J4_U_USB_IN2-6
Add Pin To Net: Unknown Pin: Pin J4_U_USB_IN2-7
Add Pin To Net: Unknown Pin: Pin J4_U_USB_IN2-8
Add Pin To Net: Unknown Pin: Pin J4_U_USB_IN2-9
Add Pin To Net: Unknown Pin: Pin J4_U_USB_IN2-11
Add Pin To Net: Unknown Pin: Pin J4_U_USB_IN2-12
Add Pin To Net: Unknown Pin: Pin J4_U_USB_IN2-13
Add Pin To Net: Unknown Pin: Pin J4_U_USB_IN2-14
Add Pin To Net: Unknown Pin: Pin J4_U_USB_IN2-15
Add Pin To Net: Unknown Pin: Pin J4_U_USB_IN2-16
Add Pin To Net: Unknown Pin: Pin J4_U_USB_IN2-17
Add Pin To Net: Unknown Pin: Pin J4_U_USB_IN2-18
Add Pin To Net: Unknown Pin: Pin J6_U_USB_OUT_A1-2
Add Pin To Net: Unknown Pin: Pin J6_U_USB_OUT_A1-3
Add Pin To Net: Unknown Pin: Pin J6_U_USB_OUT_A1-4
Add Pin To Net: Unknown Pin: Pin J6_U_USB_OUT_A1-5
Add Pin To Net: Unknown Pin: Pin J6_U_USB_OUT_A1-6
Add Pin To Net: Unknown Pin: Pin J6_U_USB_OUT_A1-7
Add Pin To Net: Unknown Pin: Pin J6_U_USB_OUT_A1-8
Add Pin To Net: Unknown Pin: Pin J6_U_USB_OUT_A1-9
Add Pin To Net: Unknown Pin: Pin J6_U_USB_OUT_A1-11
Add Pin To Net: Unknown Pin: Pin J6_U_USB_OUT_A1-12
Add Pin To Net: Unknown Pin: Pin J6_U_USB_OUT_A1-13
Add Pin To Net: Unknown Pin: Pin J6_U_USB_OUT_A1-14
Add Pin To Net: Unknown Pin: Pin J6_U_USB_OUT_A1-15
Add Pin To Net: Unknown Pin: Pin J6_U_USB_OUT_A1-16
Add Pin To Net: Unknown Pin: Pin J6_U_USB_OUT_A1-17
Add Pin To Net: Unknown Pin: Pin J6_U_USB_OUT_A1-18
Add Pin To Net: Unknown Pin: Pin J6_U_USB_OUT_A2-2
Add Pin To Net: Unknown Pin: Pin J6_U_USB_OUT_A2-3
Add Pin To Net: Unknown Pin: Pin J6_U_USB_OUT_A2-4
Add Pin To Net: Unknown Pin: Pin J6_U_USB_OUT_A2-5
Add Pin To Net: Unknown Pin: Pin J6_U_USB_OUT_A2-6
Add Pin To Net: Unknown Pin: Pin J6_U_USB_OUT_A2-7
Add Pin To Net: Unknown Pin: Pin J6_U_USB_OUT_A2-8
Add Pin To Net: Unknown Pin: Pin J6_U_USB_OUT_A2-9
Add Pin To Net: Unknown Pin: Pin J6_U_USB_OUT_A2-11
Add Pin To Net: Unknown Pin: Pin J6_U_USB_OUT_A2-12
Add Pin To Net: Unknown Pin: Pin J6_U_USB_OUT_A2-13
Add Pin To Net: Unknown Pin: Pin J6_U_USB_OUT_A2-14
Add Pin To Net: Unknown Pin: Pin J6_U_USB_OUT_A2-15
Add Pin To Net: Unknown Pin: Pin J6_U_USB_OUT_A2-16
Add Pin To Net: Unknown Pin: Pin J6_U_USB_OUT_A2-17
Add Pin To Net: Unknown Pin: Pin J6_U_USB_OUT_A2-18
Add Pin To Net: Unknown Pin: Pin J7_U_USB_OUT_B1-2
Add Pin To Net: Unknown Pin: Pin J7_U_USB_OUT_B1-3
Add Pin To Net: Unknown Pin: Pin J7_U_USB_OUT_B1-4
Add Pin To Net: Unknown Pin: Pin J7_U_USB_OUT_B1-5
Add Pin To Net: Unknown Pin: Pin J7_U_USB_OUT_B1-6
Add Pin To Net: Unknown Pin: Pin J7_U_USB_OUT_B1-7
Add Pin To Net: Unknown Pin: Pin J7_U_USB_OUT_B1-8
Add Pin To Net: Unknown Pin: Pin J7_U_USB_OUT_B1-9
Add Pin To Net: Unknown Pin: Pin J7_U_USB_OUT_B1-11
Add Pin To Net: Unknown Pin: Pin J7_U_USB_OUT_B1-12
Add Pin To Net: Unknown Pin: Pin J7_U_USB_OUT_B1-13
Add Pin To Net: Unknown Pin: Pin J7_U_USB_OUT_B1-14
Add Pin To Net: Unknown Pin: Pin J7_U_USB_OUT_B1-15
Add Pin To Net: Unknown Pin: Pin J7_U_USB_OUT_B1-16
Add Pin To Net: Unknown Pin: Pin J7_U_USB_OUT_B1-17
Add Pin To Net: Unknown Pin: Pin J7_U_USB_OUT_B1-18
Add Pin To Net: Unknown Pin: Pin J7_U_USB_OUT_B2-2
Add Pin To Net: Unknown Pin: Pin J7_U_USB_OUT_B2-3
Add Pin To Net: Unknown Pin: Pin J7_U_USB_OUT_B2-4
Add Pin To Net: Unknown Pin: Pin J7_U_USB_OUT_B2-5
Add Pin To Net: Unknown Pin: Pin J7_U_USB_OUT_B2-6
Add Pin To Net: Unknown Pin: Pin J7_U_USB_OUT_B2-7
Add Pin To Net: Unknown Pin: Pin J7_U_USB_OUT_B2-8
Add Pin To Net: Unknown Pin: Pin J7_U_USB_OUT_B2-9
Add Pin To Net: Unknown Pin: Pin J7_U_USB_OUT_B2-11
Add Pin To Net: Unknown Pin: Pin J7_U_USB_OUT_B2-12
Add Pin To Net: Unknown Pin: Pin J7_U_USB_OUT_B2-13
Add Pin To Net: Unknown Pin: Pin J7_U_USB_OUT_B2-14
Add Pin To Net: Unknown Pin: Pin J7_U_USB_OUT_B2-15
Add Pin To Net: Unknown Pin: Pin J7_U_USB_OUT_B2-16
Add Pin To Net: Unknown Pin: Pin J7_U_USB_OUT_B2-17
Add Pin To Net: Unknown Pin: Pin J7_U_USB_OUT_B2-18
Added Pin To Net: NetName=NetR1_U_HDMI_SWITCH1_1 Pin=R1_U_HDMI_SWITCH1-1
Added Pin To Net: NetName=GND Pin=R1_U_HDMI_SWITCH1-2
Added Pin To Net: NetName=NetR1_U_HDMI_SWITCH2_1 Pin=R1_U_HDMI_SWITCH2-1
Added Pin To Net: NetName=GND Pin=R1_U_HDMI_SWITCH2-2
Added Pin To Net: NetName=NetR1_U_HDMI_SWITCH3_1 Pin=R1_U_HDMI_SWITCH3-1
Added Pin To Net: NetName=GND Pin=R1_U_HDMI_SWITCH3-2
Added Pin To Net: NetName=NetR1_U_HDMI_SWITCH4_1 Pin=R1_U_HDMI_SWITCH4-1
Added Pin To Net: NetName=GND Pin=R1_U_HDMI_SWITCH4-2
Added Pin To Net: NetName=NetR1_U_HDMI_SWITCH5_1 Pin=R1_U_HDMI_SWITCH5-1
Added Pin To Net: NetName=GND Pin=R1_U_HDMI_SWITCH5-2
Added Pin To Net: NetName=5V Pin=R2_U_HDMI_SWITCH1-1
Added Pin To Net: NetName=NetR2_U_HDMI_SWITCH1_2 Pin=R2_U_HDMI_SWITCH1-2
Added Pin To Net: NetName=5V Pin=R2_U_HDMI_SWITCH2-1
Added Pin To Net: NetName=NetR2_U_HDMI_SWITCH2_2 Pin=R2_U_HDMI_SWITCH2-2
Added Pin To Net: NetName=5V Pin=R2_U_HDMI_SWITCH3-1
Added Pin To Net: NetName=NetR2_U_HDMI_SWITCH3_2 Pin=R2_U_HDMI_SWITCH3-2
Added Pin To Net: NetName=5V Pin=R2_U_HDMI_SWITCH4-1
Added Pin To Net: NetName=NetR2_U_HDMI_SWITCH4_2 Pin=R2_U_HDMI_SWITCH4-2
Added Pin To Net: NetName=5V Pin=R2_U_HDMI_SWITCH5-1
Added Pin To Net: NetName=NetR2_U_HDMI_SWITCH5_2 Pin=R2_U_HDMI_SWITCH5-2
Added Pin To Net: NetName=GND Pin=R3_U_HDMI_SWITCH1-1
Added Pin To Net: NetName=NetR3_U_HDMI_SWITCH1_2 Pin=R3_U_HDMI_SWITCH1-2
Added Pin To Net: NetName=GND Pin=R3_U_HDMI_SWITCH2-1
Added Pin To Net: NetName=NetR3_U_HDMI_SWITCH1_2 Pin=R3_U_HDMI_SWITCH2-2
Added Pin To Net: NetName=GND Pin=R3_U_HDMI_SWITCH3-1
Added Pin To Net: NetName=NetR3_U_HDMI_SWITCH1_2 Pin=R3_U_HDMI_SWITCH3-2
Added Pin To Net: NetName=GND Pin=R3_U_HDMI_SWITCH4-1
Added Pin To Net: NetName=NetR3_U_HDMI_SWITCH1_2 Pin=R3_U_HDMI_SWITCH4-2
Added Pin To Net: NetName=GND Pin=R3_U_HDMI_SWITCH5-1
Added Pin To Net: NetName=NetR3_U_HDMI_SWITCH1_2 Pin=R3_U_HDMI_SWITCH5-2
Added Pin To Net: NetName=GND Pin=R4_U_USB_SWITCH_A1-1
Added Pin To Net: NetName=NetR4_U_USB_SWITCH_A1_2 Pin=R4_U_USB_SWITCH_A1-2
Added Pin To Net: NetName=GND Pin=R4_U_USB_SWITCH_A2-1
Added Pin To Net: NetName=NetR4_U_USB_SWITCH_A2_2 Pin=R4_U_USB_SWITCH_A2-2
Added Pin To Net: NetName=GND Pin=R5_U_USB_SWITCH_B1-1
Added Pin To Net: NetName=NetR5_U_USB_SWITCH_B1_2 Pin=R5_U_USB_SWITCH_B1-2
Added Pin To Net: NetName=GND Pin=R5_U_USB_SWITCH_B2-1
Added Pin To Net: NetName=NetR5_U_USB_SWITCH_B2_2 Pin=R5_U_USB_SWITCH_B2-2
Add Class Member: Failed to add class member : Component J4_U_USB_IN1 (J4A) 48406-0003
Add Class Member: Failed to add class member : Component J4_U_USB_IN2 (J4A) 48406-0003
Add Class Member: Failed to add class member : Component J6_U_USB_OUT_A1 (J6A) 48406-0003
Add Class Member: Failed to add class member : Component J6_U_USB_OUT_A2 (J6A) 48406-0003
Add Class Member: Failed to add class member : Component J7_U_USB_OUT_B1 (J7A) 48406-0003
Add Class Member: Failed to add class member : Component J7_U_USB_OUT_B2 (J7A) 48406-0003
Added Member To Class: ClassName=U_HDMI_SWITCH1 Member=Component R1_U_HDMI_SWITCH1 (R1) RT0402
Added Member To Class: ClassName=U_HDMI_SWITCH2 Member=Component R1_U_HDMI_SWITCH2 (R1) RT0402
Added Member To Class: ClassName=U_HDMI_SWITCH3 Member=Component R1_U_HDMI_SWITCH3 (R1) RT0402
Added Member To Class: ClassName=U_HDMI_SWITCH4 Member=Component R1_U_HDMI_SWITCH4 (R1) RT0402
Added Member To Class: ClassName=U_HDMI_SWITCH5 Member=Component R1_U_HDMI_SWITCH5 (R1) RT0402
Added Member To Class: ClassName=U_HDMI_SWITCH1 Member=Component R2_U_HDMI_SWITCH1 (R2) RT0402
Added Member To Class: ClassName=U_HDMI_SWITCH2 Member=Component R2_U_HDMI_SWITCH2 (R2) RT0402
Added Member To Class: ClassName=U_HDMI_SWITCH3 Member=Component R2_U_HDMI_SWITCH3 (R2) RT0402
Added Member To Class: ClassName=U_HDMI_SWITCH4 Member=Component R2_U_HDMI_SWITCH4 (R2) RT0402
Added Member To Class: ClassName=U_HDMI_SWITCH5 Member=Component R2_U_HDMI_SWITCH5 (R2) RT0402
Added Member To Class: ClassName=U_HDMI_SWITCH1 Member=Component R3_U_HDMI_SWITCH1 (R3) RT0402
Added Member To Class: ClassName=U_HDMI_SWITCH2 Member=Component R3_U_HDMI_SWITCH2 (R3) RT0402
Added Member To Class: ClassName=U_HDMI_SWITCH3 Member=Component R3_U_HDMI_SWITCH3 (R3) RT0402
Added Member To Class: ClassName=U_HDMI_SWITCH4 Member=Component R3_U_HDMI_SWITCH4 (R3) RT0402
Added Member To Class: ClassName=U_HDMI_SWITCH5 Member=Component R3_U_HDMI_SWITCH5 (R3) RT0402
Added Member To Class: ClassName=U_USB_SWITCH_A1 Member=Component R4_U_USB_SWITCH_A1 (R4) RT0402
Added Member To Class: ClassName=U_USB_SWITCH_A2 Member=Component R4_U_USB_SWITCH_A2 (R4) RT0402
Added Member To Class: ClassName=U_USB_SWITCH_B1 Member=Component R5_U_USB_SWITCH_B1 (R5) RT0402
Added Member To Class: ClassName=U_USB_SWITCH_B2 Member=Component R5_U_USB_SWITCH_B2 (R5) RT0402
